2022-01-27 16:40:05+0100: GTP Engine starting...
2022-01-27 16:40:05+0100: KataGo v1.10.0
2022-01-27 16:40:05+0100: Using TrompTaylor rules initially, unless GTP/GUI overrides this
2022-01-27 16:40:05+0100: Using 6 CPU thread(s) for search
2022-01-27 16:40:05+0100: nnRandSeed0 = 994640338108739090
2022-01-27 16:40:05+0100: After dedups: nnModelFile0 = /Users/kodi/.katago/default_model.bin.gz useFP16 auto useNHWC auto
2022-01-27 16:40:05+0100: Initializing neural net buffer to be size 19 * 19 exactly
2022-01-27 16:40:05+0100: Found OpenCL Platform 0: Apple (Apple) (OpenCL 1.2 (Oct  1 2021 19:40:58))
2022-01-27 16:40:05+0100: Found 1 device(s) on platform 0 with type CPU or GPU or Accelerator
2022-01-27 16:40:05+0100: Found OpenCL Device 0: Apple M1 (Apple) (score 1000102)
2022-01-27 16:40:05+0100: Creating context for OpenCL Platform: Apple (Apple) (OpenCL 1.2 (Oct  1 2021 19:40:58))
2022-01-27 16:40:05+0100: Using OpenCL Device 0: Apple M1 (Apple) OpenCL 1.2  (Extensions: cl_APPLE_SetMemObjectDestructor cl_APPLE_ContextLoggingFunctions cl_APPLE_clut cl_APPLE_query_kernel_names cl_APPLE_gl_sharing cl_khr_gl_event cl_khr_byte_addressable_store cl_khr_global_int32_base_atomics cl_khr_global_int32_extended_atomics cl_khr_local_int32_base_atomics cl_khr_local_int32_extended_atomics cl_khr_3d_image_writes cl_khr_image2d_from_buffer cl_khr_depth_images )
2022-01-27 16:40:05+0100: Loaded tuning parameters from: /Users/kodi/.katago/opencltuning/tune8_gpuAppleM1_x19_y19_c256_mv8.txt
2022-01-27 16:40:05+0100: OpenCL backend thread 0: Model version 8
2022-01-27 16:40:05+0100: OpenCL backend thread 0: Model name: g170-b20c256x2-s5303129600-d1228401921
2022-01-27 16:40:06+0100: OpenCL backend thread 0: FP16Storage true FP16Compute false FP16TensorCores false
2022-01-27 16:40:06+0100: Loaded neural net with nnXLen 19 nnYLen 19
2022-01-27 16:40:06+0100: Initializing board with boardXSize 19 boardYSize 19
2022-01-27 16:40:06+0100: Loaded config /Users/kodi/.katago/default_gtp.cfg
2022-01-27 16:40:06+0100: Loaded model /Users/kodi/.katago/default_model.bin.gz
2022-01-27 16:40:06+0100: Model name: g170-b20c256x2-s5303129600-d1228401921
2022-01-27 16:40:06+0100: GTP ready, beginning main protocol loop
2022-01-27 16:40:06+0100: Controller: boardsize 13
2022-01-27 16:40:06+0100: GPU -1 finishing, processed 0 rows 0 batches
2022-01-27 16:40:06+0100: Cleaned up old neural net and bot
2022-01-27 16:40:06+0100: nnRandSeed0 = 14093636180371097372
2022-01-27 16:40:06+0100: After dedups: nnModelFile0 = /Users/kodi/.katago/default_model.bin.gz useFP16 auto useNHWC auto
2022-01-27 16:40:06+0100: Initializing neural net buffer to be size 13 * 13 exactly
2022-01-27 16:40:07+0100: Found OpenCL Platform 0: Apple (Apple) (OpenCL 1.2 (Oct  1 2021 19:40:58))
2022-01-27 16:40:07+0100: Found 1 device(s) on platform 0 with type CPU or GPU or Accelerator
2022-01-27 16:40:07+0100: Found OpenCL Device 0: Apple M1 (Apple) (score 1000102)
2022-01-27 16:40:07+0100: Creating context for OpenCL Platform: Apple (Apple) (OpenCL 1.2 (Oct  1 2021 19:40:58))
2022-01-27 16:40:07+0100: Using OpenCL Device 0: Apple M1 (Apple) OpenCL 1.2  (Extensions: cl_APPLE_SetMemObjectDestructor cl_APPLE_ContextLoggingFunctions cl_APPLE_clut cl_APPLE_query_kernel_names cl_APPLE_gl_sharing cl_khr_gl_event cl_khr_byte_addressable_store cl_khr_global_int32_base_atomics cl_khr_global_int32_extended_atomics cl_khr_local_int32_base_atomics cl_khr_local_int32_extended_atomics cl_khr_3d_image_writes cl_khr_image2d_from_buffer cl_khr_depth_images )
2022-01-27 16:40:07+0100: Loaded tuning parameters from: /Users/kodi/.katago/opencltuning/tune8_gpuAppleM1_x19_y19_c256_mv8.txt
2022-01-27 16:40:07+0100: OpenCL backend thread 0: Model version 8
2022-01-27 16:40:07+0100: OpenCL backend thread 0: Model name: g170-b20c256x2-s5303129600-d1228401921
2022-01-27 16:40:08+0100: OpenCL backend thread 0: FP16Storage true FP16Compute false FP16TensorCores false
2022-01-27 16:40:08+0100: Loaded neural net with nnXLen 13 nnYLen 13
2022-01-27 16:40:08+0100: Initializing board with boardXSize 13 boardYSize 13
2022-01-27 16:40:08+0100: = 
2022-01-27 16:40:08+0100: Controller: play black L10
2022-01-27 16:40:08+0100: = 
2022-01-27 16:40:08+0100: Controller: genmove white
2022-01-27 16:40:11+0100: MoveNum: 1 HASH: EC6FDEECCCB72A219B06562CE607579F
   A B C D E F G H J K L M N
13 . . . . . . . . . . . . .
12 . . . . . . . . . . . . .
11 . . . . . . . . . . . . .
10 . . . . . . . . . . X1. .
 9 . . . . . . . . . . . . .
 8 . . . . . . . . . . . . .
 7 . . . . . . . . . . . . .
 6 . . . . . . . . . . . . .
 5 . . . . . . . . . . . . .
 4 . . . . . . . . . @ . . .
 3 . . . . . . . . . . . . .
 2 . . . . . . . . . . . . .
 1 . . . . . . . . . . . . .

koPOSITIONALscoreAREAtaxNONEsui1komi7.5
Time taken: 3.61959
Root visits: 505
New playouts: 505
NN rows: 471
NN batches: 159
NN avg batch size: 2.96226
PV: K4 D10 C4 K3 K10 K11 L9 J10 K9 L11 L3
Tree:
: T  42.26c W  41.59c S   0.51c ( +1.9 L  +1.0) N     505  --  K4 D10 C4 K3 K10 K11 L9
---White(^)---
K4  : T  43.96c W  43.08c S   0.63c ( +2.0 L  +1.1) LCB   42.30c P 54.91% WF 298.4 PSV     291 N     298  --  K4 D10 C4 K3 K10 K11 L9 J10
D10 : T  40.40c W  39.75c S   0.42c ( +1.8 L  +1.0) LCB   38.28c P 18.48% WF 101.6 PSV      30 N     105  --  D10 K4 C4 F11 F4 F9 D8 E7
D4  : T  39.83c W  39.71c S   0.39c ( +1.8 L  +1.0) LCB   36.71c P 11.71% WF  49.2 PSV      17 N      51  --  D4 K4 D10 F11 K10 K11 J11 K9
K10 : T  33.80c W  34.77c S  -0.23c ( +1.4 L  +0.7) LCB   22.75c P  9.27% WF   9.2 PSV       6 N      10  --  K10 K11 D10 K4 J11 J10
L4  : T  39.40c W  39.10c S   0.19c ( +1.7 L  +0.9) LCB   35.62c P  1.74% WF  29.7 PSV       2 N      34  --  L4 D10 C4 E4 E3
K3  : T  35.33c W  36.07c S  -0.04c ( +1.5 L  +0.8) LCB    7.68c P  1.30% WF   5.7 PSV       1 N       6  --  K3 K4 L4 L5

2022-01-27 16:40:11+0100: = K4
2022-01-27 16:40:11+0100: Controller: play black C9
2022-01-27 16:40:11+0100: = 
2022-01-27 16:40:11+0100: Controller: genmove white
2022-01-27 16:40:15+0100: MoveNum: 3 HASH: 27A196C9A69824F76A553C7271F4AF49
   A B C D E F G H J K L M N
13 . . . . . . . . . . . . .
12 . . . . . . . . . . . . .
11 . . . . . . . . . . . . .
10 . . . . . . . . . . X1. .
 9 . . X3. . . . . . . . . .
 8 . . . . . . . . . . . . .
 7 . . . . . . . . . . . . .
 6 . . . . . . . . . . . . .
 5 . . . . . . . . . . . . .
 4 . . . . . . . . . O2. . .
 3 . . . @ . . . . . . . . .
 2 . . . . . . . . . . . . .
 1 . . . . . . . . . . . . .

koPOSITIONALscoreAREAtaxNONEsui1komi7.5
Time taken: 3.54046
Root visits: 505
New playouts: 505
NN rows: 475
NN batches: 159
NN avg batch size: 2.98742
PV: D3 D11 E11 E10 F10 F11 E12 F12 K10 L11 K8
Tree:
: T  49.77c W  49.85c S   0.72c ( +2.4 L  +1.3) N     505  --  D3 D11 E11 E10 F10 F11 E12
---White(^)---
D3  : T  51.02c W  51.05c S   0.81c ( +2.4 L  +1.3) LCB   48.09c P 30.73% WF 211.1 PSV     207 N     212  --  D3 D11 E11 E10 F10 F11 E12 F12
K10 : T  50.10c W  50.19c S   0.73c ( +2.4 L  +1.3) LCB   46.85c P 14.78% WF 100.1 PSV      60 N     102  --  K10 K11 J11 L11 D10 C10 D11 D3
C4  : T  46.92c W  47.17c S   0.49c ( +2.2 L  +1.2) LCB   42.63c P 33.74% WF  75.9 PSV      58 N      80  --  C4 D11 J10 J11 K10 K11 L9 H10
D4  : T  48.95c W  49.11c S   0.72c ( +2.4 L  +1.3) LCB   44.71c P 17.15% WF  86.4 PSV      46 N      89  --  D4 D11 E11 E10 F10 F11 E12 F12
D10 : T  49.86c W  49.21c S   0.67c ( +2.3 L  +1.3) LCB   40.58c P  0.46% WF  17.0 PSV       1 N      17  --  D10 C10 D11 D3 C11 C6
C3  : T  41.99c W  41.73c S   0.26c ( +2.0 L  +1.1) LCB -280.00c P  1.13% WF   1.0 PSV       1 N       1  --  C3
K11 : T  45.68c W  46.50c S   0.47c ( +2.2 L  +1.2) LCB -308.97c P  0.55% WF   2.9 PSV       0 N       3  --  K11 L11 D4

2022-01-27 16:40:15+0100: = D3
2022-01-27 16:40:15+0100: Controller: play black L6
2022-01-27 16:40:15+0100: = 
2022-01-27 16:40:15+0100: Controller: genmove white
2022-01-27 16:40:17+0100: MoveNum: 5 HASH: C02CBF3CE067A87BECC1B2E0D9D6A8E9
   A B C D E F G H J K L M N
13 . . . . . . . . . . . . .
12 . . . . . . . . . . . . .
11 . . . . . . . . . . . . .
10 . . . . . . . . . @ X . .
 9 . . X1. . . . . . . . . .
 8 . . . . . . . . . . . . .
 7 . . . . . . . . . . . . .
 6 . . . . . . . . . . X3. .
 5 . . . . . . . . . . . . .
 4 . . . . . . . . . O . . .
 3 . . . O2. . . . . . . . .
 2 . . . . . . . . . . . . .
 1 . . . . . . . . . . . . .

koPOSITIONALscoreAREAtaxNONEsui1komi7.5
Time taken: 2.34802
Root visits: 505
New playouts: 505
NN rows: 412
NN batches: 139
NN avg batch size: 2.96403
PV: K10 D4 C3 K11 J11 J10 K9 H11 J12 L11 G11 J9 H10
Tree:
: T  64.60c W  63.38c S   1.33c ( +3.3 L  +2.0) N     505  --  K10 D4 C3 K11 J11 J10 K9
---White(^)---
K10 : T  66.90c W  65.33c S   1.49c ( +3.5 L  +2.1) LCB   64.48c P 44.20% WF 244.3 PSV     237 N     242  --  K10 D4 C3 K11 J11 J10 K9 H11
D11 : T  65.39c W  64.03c S   1.56c ( +3.5 L  +2.1) LCB   61.00c P 13.48% WF 106.5 PSV      39 N     111  --  D11 F11 K10 L9 D9 D8 E9 C10
D10 : T  63.28c W  62.34c S   1.12c ( +3.2 L  +1.9) LCB   59.76c P 10.93% WF  80.6 PSV      19 N      83  --  D10 C10 D11 C11 J11 D4 C3
C5  : T  49.30c W  50.11c S   0.01c ( +2.4 L  +1.3) LCB   32.42c P 10.22% WF  11.1 PSV       5 N      13  --  C5 D11 E11 E10 F11 D12 K11
K11 : T  62.52c W  61.74c S   1.07c ( +3.1 L  +1.9) LCB   57.91c P  2.47% WF  25.8 PSV       3 N      27  --  K11 L11 D10 C10 D11 C11 G11 C5
D5  : T  49.37c W  50.44c S   0.02c ( +2.4 L  +1.3) LCB   39.56c P  6.14% WF  12.8 PSV       3 N      15  --  D5 D11 J11 K11 J10 K8
E11 : T  57.24c W  56.59c S   0.62c ( +2.8 L  +1.6) LCB    7.45c P  3.01% WF   5.6 PSV       2 N       6  --  E11 C11 J11 G11
C6  : T  51.25c W  52.45c S   0.35c ( +2.6 L  +1.5) LCB  -61.67c P  3.49% WF   4.3 PSV       1 N       5  --  C6 D11 E11
C11 : T  50.54c W  50.29c S   0.25c ( +2.5 L  +1.5) LCB -280.00c P  2.58% WF   0.9 PSV       1 N       1  --  C11
D6  : T  52.24c W  51.74c S   0.50c ( +2.7 L  +1.5) LCB -280.00c P  1.21% WF   0.9 PSV       0 N       1  --  D6

2022-01-27 16:40:17+0100: = K10
2022-01-27 16:40:17+0100: Controller: play black L9
2022-01-27 16:40:17+0100: = 
2022-01-27 16:40:17+0100: Controller: genmove white
2022-01-27 16:40:20+0100: MoveNum: 7 HASH: 4A560F1DFB27D392ADA334882B3ED125
   A B C D E F G H J K L M N
13 . . . . . . . . . . . . .
12 . . . . . . . . . . . . .
11 . . . . . . . . . . . . .
10 . . . @ . . . . . O2X . .
 9 . . X . . . . . . . X3. .
 8 . . . . . . . . . . . . .
 7 . . . . . . . . . . . . .
 6 . . . . . . . . . . X1. .
 5 . . . . . . . . . . . . .
 4 . . . . . . . . . O . . .
 3 . . . O . . . . . . . . .
 2 . . . . . . . . . . . . .
 1 . . . . . . . . . . . . .

koPOSITIONALscoreAREAtaxNONEsui1komi7.5
Time taken: 2.73467
Root visits: 505
New playouts: 505
NN rows: 476
NN batches: 160
NN avg batch size: 2.975
PV: D10 C10 D11 D4 C3 C11 C12 H11 E12 D9 E9 E8
Tree:
: T  72.17c W  70.68c S   1.65c ( +4.1 L  +2.5) N     505  --  D10 C10 D11 D4 C3 C11 C12
---White(^)---
D10 : T  74.70c W  72.87c S   1.97c ( +4.3 L  +2.7) LCB   72.33c P 20.09% WF 272.4 PSV     275 N     266  --  D10 C10 D11 D4 C3 C11 C12 H11
K11 : T  71.05c W  69.43c S   1.54c ( +4.0 L  +2.5) LCB   68.55c P 33.52% WF 143.6 PSV      74 N     148  --  K11 D4 E4 C3 E3 D5 E5 D6
E11 : T  68.20c W  67.42c S   1.05c ( +3.6 L  +2.2) LCB   64.32c P 12.84% WF  38.1 PSV      17 N      41  --  E11 C11 K11 D4 C3 G11 D10 C10
D11 : T  61.26c W  62.24c S   0.68c ( +3.4 L  +2.0) LCB   39.01c P 13.41% WF  10.8 PSV       9 N      12  --  D11 F11 L11 K11 J11 K12
C5  : T  63.86c W  63.87c S   0.49c ( +3.2 L  +1.8) LCB   53.18c P  7.53% WF  11.0 PSV       6 N      12  --  C5 D11 K11 L11 E11 E12
D5  : T  64.27c W  64.81c S   0.52c ( +3.3 L  +1.8) LCB   53.91c P  5.35% WF  11.1 PSV       4 N      12  --  D5 D11 K11 L11 E11 E12
F11 : T  67.72c W  67.57c S   0.61c ( +3.3 L  +1.9) LCB   53.23c P  1.58% WF   7.7 PSV       1 N       8  --  F11 D11 K11 L11 D10
C6  : T  65.76c W  66.18c S   0.77c ( +3.4 L  +2.0) LCB -292.86c P  1.23% WF   2.9 PSV       1 N       3  --  C6 D11 K11
K6  : T  55.10c W  55.46c S  -0.36c ( +2.6 L  +1.5) LCB -280.00c P  1.25% WF   0.9 PSV       0 N       1  --  K6
C11 : T  58.70c W  58.37c S   0.33c ( +3.1 L  +1.8) LCB -280.00c P  1.07% WF   0.9 PSV       0 N       1  --  C11

2022-01-27 16:40:20+0100: = D10
2022-01-27 16:40:20+0100: Controller: play black C10
2022-01-27 16:40:20+0100: = 
2022-01-27 16:40:20+0100: Controller: genmove white
2022-01-27 16:40:22+0100: MoveNum: 9 HASH: 777A36F4566AB2AB48666671D0B5D586
   A B C D E F G H J K L M N
13 . . . . . . . . . . . . .
12 . . . . . . . . . . . . .
11 . . . @ . . . . . . . . .
10 . . X3O2. . . . . O X . .
 9 . . X . . . . . . . X1. .
 8 . . . . . . . . . . . . .
 7 . . . . . . . . . . . . .
 6 . . . . . . . . . . X . .
 5 . . . . . . . . . . . . .
 4 . . . . . . . . . O . . .
 3 . . . O . . . . . . . . .
 2 . . . . . . . . . . . . .
 1 . . . . . . . . . . . . .

koPOSITIONALscoreAREAtaxNONEsui1komi7.5
Time taken: 1.6286
Root visits: 505
New playouts: 298
NN rows: 290
NN batches: 97
NN avg batch size: 2.98969
PV: D11 D4 C3 C11 H11 F4 L11 L3 E4 F3
Tree:
: T  71.95c W  70.65c S   1.61c ( +4.1 L  +2.5) N     505  --  D11 D4 C3 C11 H11 F4 L11
---White(^)---
D11 : T  72.20c W  70.84c S   1.63c ( +4.1 L  +2.5) LCB   70.15c P 88.39% WF 451.8 PSV     450 N     457  --  D11 D4 C3 C11 H11 F4 L11 L3
K11 : T  69.34c W  68.57c S   1.35c ( +3.9 L  +2.4) LCB   63.42c P  9.53% WF  44.8 PSV      20 N      47  --  K11 D4 C3 H11 D11 C11 H9 K9

2022-01-27 16:40:22+0100: = D11
2022-01-27 16:40:22+0100: Controller: play black D9
2022-01-27 16:40:22+0100: = 
2022-01-27 16:40:22+0100: Controller: genmove white
2022-01-27 16:40:26+0100: MoveNum: 11 HASH: 5B0DE8C77950891402019C340B3E6C38
   A B C D E F G H J K L M N
13 . . . . . . . . . . . . .
12 . . . . . . . . . . . . .
11 . . . O2. . @ . . . . . .
10 . . X1O . . . . . O X . .
 9 . . X X3. . . . . . X . .
 8 . . . . . . . . . . . . .
 7 . . . . . . . . . . . . .
 6 . . . . . . . . . . X . .
 5 . . . . . . . . . . . . .
 4 . . . . . . . . . O . . .
 3 . . . O . . . . . . . . .
 2 . . . . . . . . . . . . .
 1 . . . . . . . . . . . . .

koPOSITIONALscoreAREAtaxNONEsui1komi7.5
Time taken: 3.65733
Root visits: 505
New playouts: 505
NN rows: 495
NN batches: 167
NN avg batch size: 2.96407
PV: G11 C5 L5 K11 C11 J2 C4 D5
Tree:
: T  82.16c W  81.36c S   1.36c ( +4.6 L  +3.1) N     505  --  G11 C5 L5 K11 C11 J2 C4
---White(^)---
G11 : T  84.89c W  83.92c S   1.41c ( +4.7 L  +3.1) LCB   82.67c P 24.61% WF 288.5 PSV     277 N     280  --  G11 C5 L5 K11 C11 J2 C4 D5
F10 : T  79.23c W  78.77c S   1.45c ( +4.7 L  +3.1) LCB   73.19c P 22.69% WF  89.9 PSV      35 N      99  --  F10 H11 H10 G11 G10 K11 J11 J12
C11 : T  78.54c W  77.43c S   1.29c ( +4.6 L  +3.0) LCB   74.92c P 24.83% WF  69.9 PSV      35 N      74  --  C11 C5 K11 F10 F12 H3 C4 D5
G10 : T  78.96c W  79.25c S   0.76c ( +4.2 L  +2.7) LCB   71.25c P  6.80% WF  26.9 PSV      10 N      28  --  G10 K11 J11 J10 H11 C11 K12
K11 : T  74.31c W  73.38c S   1.26c ( +4.6 L  +2.9) LCB   65.68c P 11.29% WF  16.5 PSV      10 N      18  --  K11 F11 E9 C11 L11 H11
C5  : T  68.84c W  71.53c S   0.83c ( +4.3 L  +2.5) LCB  -23.59c P  4.23% WF   4.5 PSV       2 N       5  --  C5 F11 F10 G10 E9

2022-01-27 16:40:26+0100: = G11
2022-01-27 16:40:26+0100: Controller: play black C11
2022-01-27 16:40:26+0100: = 
2022-01-27 16:40:26+0100: Controller: genmove white
2022-01-27 16:40:29+0100: MoveNum: 13 HASH: DAB98AF81AF8FA622089BE32ADFFBCCC
   A B C D E F G H J K L M N
13 . . . . . . . . . . . . .
12 . . . . . . . . . . . . .
11 . . X3O . . O2. . @ . . .
10 . . X O . . . . . O X . .
 9 . . X X1. . . . . . X . .
 8 . . . . . . . . . . . . .
 7 . . . . . . . . . . . . .
 6 . . . . . . . . . . X . .
 5 . . . . . . . . . . . . .
 4 . . . . . . . . . O . . .
 3 . . . O . . . . . . . . .
 2 . . . . . . . . . . . . .
 1 . . . . . . . . . . . . .

koPOSITIONALscoreAREAtaxNONEsui1komi7.5
Time taken: 3.57105
Root visits: 505
New playouts: 505
NN rows: 485
NN batches: 163
NN avg batch size: 2.97546
PV: K11 G10 F11 H3 L5 K6 J2 L3
Tree:
: T  95.09c W  92.62c S   2.58c ( +6.4 L  +4.8) N     505  --  K11 G10 F11 H3 L5 K6 J2
---White(^)---
K11 : T  96.15c W  93.44c S   2.81c ( +6.5 L  +5.0) LCB   95.30c P 90.09% WF 444.4 PSV     440 N     441  --  K11 G10 F11 H3 L5 K6 J2 L3
L5  : T  84.26c W  83.76c S   0.28c ( +4.8 L  +3.1) LCB   75.28c P  1.66% WF  12.5 PSV       1 N      14  --  L5 K11 J11 K12 K6 M6 C5 D2
L11 : T  76.39c W  79.08c S  -0.45c ( +4.3 L  +2.6) LCB  -46.06c P  2.84% WF   3.5 PSV       1 N       4  --  L11 K11 K12 J11
C5  : T  79.41c W  80.96c S  -0.37c ( +4.4 L  +2.6) LCB  -22.28c P  2.28% WF   3.5 PSV       1 N       4  --  C5 K11 J11
K12 : T  90.22c W  88.98c S   1.20c ( +5.4 L  +3.8) LCB   87.24c P  0.68% WF  24.3 PSV       0 N      34  --  K12 H3 L5 K6 J2 C4 C3 D4
C6  : T  80.24c W  80.82c S  -0.19c ( +4.5 L  +2.8) LCB  -50.04c P  0.35% WF   2.7 PSV       0 N       3  --  C6 K11 J11
K6  : T  80.88c W  81.37c S  -0.27c ( +4.4 L  +2.8) LCB -280.00c P  0.26% WF   1.8 PSV       0 N       2  --  K6 K11
C12 : T  71.08c W  72.53c S  -1.45c ( +3.6 L  +2.1) LCB -280.00c P  0.36% WF   0.9 PSV       0 N       1  --  C12
H3  : T  82.85c W  83.51c S  -0.67c ( +4.2 L  +2.5) LCB -280.00c P  0.23% WF   0.9 PSV       0 N       1  --  H3

2022-01-27 16:40:29+0100: = K11
2022-01-27 16:40:30+0100: Controller: play black C5
2022-01-27 16:40:30+0100: = 
2022-01-27 16:40:30+0100: Controller: genmove white
2022-01-27 16:40:33+0100: MoveNum: 15 HASH: 0EC57D32E207E98CD5AEFED3CA9418C9
   A B C D E F G H J K L M N
13 . . . . . . . . . . . . .
12 . . . . . . . . . . . . .
11 . . X1O . . O . . O2. . .
10 . . X O . . . . . O X . .
 9 . . X X . . . . . . X . .
 8 . . . . . . . . . . . . .
 7 . . . . . . . . . . . . .
 6 . . . . . . . . . . X . .
 5 . . X3. . . . . . . @ . .
 4 . . . . . . . . . O . . .
 3 . . . O . . . . . . . . .
 2 . . . . . . . . . . . . .
 1 . . . . . . . . . . . . .

koPOSITIONALscoreAREAtaxNONEsui1komi7.5
Time taken: 3.17439
Root visits: 505
New playouts: 436
NN rows: 421
NN batches: 141
NN avg batch size: 2.98582
PV: L5 M6 C4 D5 F3 L11 L12 M12 C12 H3
Tree:
: T  96.10c W  93.58c S   2.72c ( +6.3 L  +4.8) N     505  --  L5 M6 C4 D5 F3 L11 L12
---White(^)---
L5  : T  98.56c W  95.07c S   3.62c ( +6.9 L  +5.4) LCB   97.67c P 25.20% WF 236.2 PSV     289 N     229  --  L5 M6 C4 D5 F3 L11 L12 M12
C4  : T  94.47c W  92.85c S   1.82c ( +5.7 L  +4.2) LCB   92.67c P 29.22% WF 108.2 PSV      49 N     112  --  C4 D5 L5 D4 E3 C3 C2 B4
D5  : T  88.88c W  88.21c S   1.12c ( +5.2 L  +3.6) LCB   78.62c P 22.54% WF  24.6 PSV      18 N      27  --  D5 D4 C4 E4 C3 B5 F2
H3  : T  94.27c W  92.62c S   2.02c ( +5.8 L  +4.3) LCB   91.49c P  8.85% WF  64.1 PSV      14 N      66  --  H3 L11 L5 H11 H10 H12 J12
G3  : T  93.34c W  92.08c S   1.36c ( +5.3 L  +3.9) LCB   87.94c P  4.40% WF  15.5 PSV       6 N      16  --  G3 L3 L4 K3 J4
K6  : T  94.91c W  92.74c S   2.16c ( +5.9 L  +4.4) LCB   91.76c P  1.89% WF  28.7 PSV       3 N      30  --  K6 K7 L5 J6 K5 M6 C4
L11 : T  94.60c W  91.99c S   2.87c ( +6.4 L  +4.9) LCB   90.79c P  2.19% WF  23.3 PSV       3 N      24  --  L11 H3 C4 D5 F3

2022-01-27 16:40:33+0100: = L5
2022-01-27 16:40:33+0100: Controller: play black K6
2022-01-27 16:40:33+0100: = 
2022-01-27 16:40:33+0100: Controller: genmove white
2022-01-27 16:40:36+0100: MoveNum: 17 HASH: 6EAFB33A9C9FABF5569C6E83CEB2C92D
   A B C D E F G H J K L M N
13 . . . . . . . . . . . . .
12 . . . . . . . . . . . . .
11 . . X O . . O . . O . . .
10 . . X O . . . . . O X . .
 9 . . X X . . . . . . X . .
 8 . . . . . . . . . . . . .
 7 . . . . . . . . . . . . .
 6 . . . . . . . . . X3X . .
 5 . . X1. . . . . . . O2. .
 4 . . @ . . . . . . O . . .
 3 . . . O . . . . . . . . .
 2 . . . . . . . . . . . . .
 1 . . . . . . . . . . . . .

koPOSITIONALscoreAREAtaxNONEsui1komi7.5
Time taken: 3.08692
Root visits: 505
New playouts: 445
NN rows: 405
NN batches: 136
NN avg batch size: 2.97794
PV: C4 D5 F3 L11 L12 M12 M6 F11 F12
Tree:
: T  97.01c W  94.48c S   2.80c ( +6.5 L  +5.1) N     505  --  C4 D5 F3 L11 L12 M12 M6
---White(^)---
C4  : T  98.16c W  95.40c S   2.95c ( +6.6 L  +5.2) LCB   97.08c P 23.90% WF 141.8 PSV     167 N     140  --  C4 D5 F3 L11 L12 M12 M6 F11
M6  : T  97.67c W  94.78c S   3.05c ( +6.7 L  +5.3) LCB   96.25c P 16.04% WF  99.8 PSV      69 N      99  --  M6 M7 C4 D5 F3 L11 E12 G3
J3  : T  97.28c W  94.74c S   2.74c ( +6.4 L  +5.1) LCB   95.54c P 18.30% WF 107.9 PSV      65 N     109  --  J3 L11 L12 M12 C4 D5 F4 F11
H3  : T  95.90c W  93.51c S   2.74c ( +6.5 L  +5.0) LCB   94.07c P 15.17% WF  75.7 PSV      33 N      77  --  H3 L11 M6 M7 L12 F11 F12
H4  : T  95.42c W  93.23c S   2.65c ( +6.4 L  +4.9) LCB   92.66c P  9.20% WF  48.5 PSV      18 N      50  --  H4 L3 M6 J2 K3 K2
G3  : T  94.38c W  93.16c S   1.67c ( +5.7 L  +4.3) LCB   88.66c P  6.24% WF  18.5 PSV       9 N      19  --  G3 L11 M6 M7 C4 H11 H10
D5  : T  91.94c W  91.12c S   1.79c ( +5.8 L  +4.3) LCB   78.21c P  6.72% WF   9.6 PSV       7 N      10  --  D5 D4 E4 C4 C3 E3 F3

2022-01-27 16:40:36+0100: = C4
2022-01-27 16:40:36+0100: Controller: play black D5
2022-01-27 16:40:36+0100: = 
2022-01-27 16:40:36+0100: Controller: genmove white
2022-01-27 16:40:39+0100: MoveNum: 19 HASH: 27D6995BA6679331E884FCDDCF63082C
   A B C D E F G H J K L M N
13 . . . . . . . . . . . . .
12 . . . . . . . . . . . . .
11 . . X O . . O . . O . . .
10 . . X O . . . . . O X . .
 9 . . X X . . . . . . X . .
 8 . . . . . . . . . . . . .
 7 . . . . . . . . . . . . .
 6 . . . . . . . . . X1X . .
 5 . . X X3. . . . . . O . .
 4 . . O2. . . . . . O . . .
 3 . . . O . @ . . . . . . .
 2 . . . . . . . . . . . . .
 1 . . . . . . . . . . . . .

koPOSITIONALscoreAREAtaxNONEsui1komi7.5
Time taken: 2.83298
Root visits: 505
New playouts: 416
NN rows: 374
NN batches: 126
NN avg batch size: 2.96825
PV: F3 L11 L12 M12 M6 M7 C12 G3 F4
Tree:
: T  95.79c W  93.50c S   2.59c ( +6.0 L  +4.6) N     505  --  F3 L11 L12 M12 M6 M7 C12
---White(^)---
F3  : T  96.66c W  94.31c S   2.63c ( +6.0 L  +4.7) LCB   95.27c P 33.53% WF 180.5 PSV     178 N     180  --  F3 L11 L12 M12 M6 M7 C12 G3
M6  : T  96.77c W  93.97c S   3.06c ( +6.3 L  +4.9) LCB   95.16c P 14.66% WF 102.2 PSV      84 N     101  --  M6 M7 F3 L11 E12 G3 F4
B5  : T  95.96c W  93.21c S   3.01c ( +6.3 L  +4.8) LCB   93.61c P 10.46% WF  91.3 PSV      38 N      94  --  B5 B6 M6 M7 F3 L11
G3  : T  94.86c W  93.12c S   2.01c ( +5.6 L  +4.2) LCB   92.95c P 13.16% WF  71.0 PSV      32 N      72  --  G3 L11 L12 M12 M6 M7 C12
J3  : T  91.79c W  91.05c S   1.41c ( +5.2 L  +3.9) LCB   87.29c P 18.75% WF  40.0 PSV      24 N      42  --  J3 D4 C3 F3 E3 F4 M6 M7
H3  : T  92.46c W  91.20c S   1.71c ( +5.4 L  +3.9) LCB   82.31c P  3.34% WF   7.8 PSV       4 N       8  --  H3 E3 E2 F2 E4
L11 : T  91.98c W  89.75c S   2.48c ( +6.0 L  +4.4) LCB   67.87c P  3.13% WF   6.8 PSV       4 N       7  --  L11 E2 E3

2022-01-27 16:40:39+0100: = F3
2022-01-27 16:40:39+0100: Controller: play black M12
2022-01-27 16:40:39+0100: = 
2022-01-27 16:40:39+0100: Controller: genmove white
2022-01-27 16:40:43+0100: MoveNum: 21 HASH: 3BB75EFDF797D2CEB73ACF95D630C418
   A B C D E F G H J K L M N
13 . . . . . . . . . . . . .
12 . . . . . . . . . . . X3.
11 . . X O . . O . . O . . .
10 . . X O . . . . . O X . .
 9 . . X X . . . . . @ X . .
 8 . . . . . . . . . . . . .
 7 . . . . . . . . . . . . .
 6 . . . . . . . . . X X . .
 5 . . X X1. . . . . . O . .
 4 . . O . . . . . . O . . .
 3 . . . O . O2. . . . . . .
 2 . . . . . . . . . . . . .
 1 . . . . . . . . . . . . .

koPOSITIONALscoreAREAtaxNONEsui1komi7.5
Time taken: 3.7982
Root visits: 505
New playouts: 505
NN rows: 504
NN batches: 169
NN avg batch size: 2.98225
PV: K9 L11 K12 H3 J2
Tree:
: T 100.59c W  97.58c S   3.20c ( +7.7 L  +6.5) N     505  --  K9 L11 K12 H3 J2
---White(^)---
K9  : T 101.45c W  98.18c S   3.44c ( +7.8 L  +6.6) LCB  100.53c P 20.93% WF  85.9 PSV     165 N      85  --  K9 L11 K12 H3 J2
M6  : T 101.48c W  97.82c S   3.84c ( +8.1 L  +7.0) LCB  100.29c P 20.33% WF 125.1 PSV     124 N     125  --  M6 M7 F10 G3 G4 H3 K2
C12 : T  99.87c W  96.62c S   3.52c ( +7.9 L  +6.7) LCB   97.27c P 16.76% WF  96.8 PSV      46 N      99  --  C12 L3 K3 M5 L4 M4 M3
E12 : T 100.47c W  97.94c S   2.51c ( +7.2 L  +6.1) LCB   99.15c P  6.77% WF  60.7 PSV      23 N      61  --  E12 G3 G4 H3 H4 F2
D12 : T 100.05c W  97.74c S   2.43c ( +7.2 L  +6.0) LCB   98.80c P  7.89% WF  51.6 PSV      23 N      52  --  D12 G3 F4 K2 J3 J2
H4  : T  99.21c W  96.71c S   2.80c ( +7.4 L  +6.2) LCB   96.08c P  7.75% WF  28.5 PSV      17 N      29  --  H4 L3 M5 J3 J4
F10 : T  99.78c W  98.06c S   1.95c ( +6.8 L  +5.7) LCB   94.68c P  3.38% WF  17.3 PSV       9 N      18  --  F10 L3 K3 M5 L2 L4 M2
J3  : T  99.04c W  97.12c S   2.04c ( +6.9 L  +5.9) LCB   92.31c P  3.91% WF  13.9 PSV       8 N      15  --  J3 F11 F12 E12 F10 E11
L11 : T  99.84c W  97.80c S   2.44c ( +7.2 L  +5.9) LCB   96.24c P  1.94% WF   9.9 PSV       5 N      10  --  L11 M11 K9 M6 H4 F11
B5  : T 100.33c W  97.50c S   3.35c ( +7.8 L  +6.6) LCB   93.06c P  1.34% WF   9.7 PSV       4 N      10  --  B5 B6 M6 M7

2022-01-27 16:40:43+0100: = K9
2022-01-27 16:40:43+0100: Controller: play black D12
2022-01-27 16:40:43+0100: = 
2022-01-27 16:40:43+0100: Controller: genmove white
2022-01-27 16:40:47+0100: MoveNum: 23 HASH: 5DA5D361C7590FFCDEF72CEFED41F44C
   A B C D E F G H J K L M N
13 . . . . . . . . . . . . .
12 . . . X3@ . . . . . . X1.
11 . . X O . . O . . O . . .
10 . . X O . . . . . O X . .
 9 . . X X . . . . . O2X . .
 8 . . . . . . . . . . . . .
 7 . . . . . . . . . . . . .
 6 . . . . . . . . . X X . .
 5 . . X X . . . . . . O . .
 4 . . O . . . . . . O . . .
 3 . . . O . O . . . . . . .
 2 . . . . . . . . . . . . .
 1 . . . . . . . . . . . . .

koPOSITIONALscoreAREAtaxNONEsui1komi7.5
Time taken: 3.35178
Root visits: 505
New playouts: 505
NN rows: 442
NN batches: 148
NN avg batch size: 2.98649
PV: E12 L3 K3 M5 L4 M4 M3 L11
Tree:
: T 100.25c W  97.84c S   2.74c ( +9.1 L  +8.0) N     505  --  E12 L3 K3 M5 L4 M4 M3
---White(^)---
E12 : T 102.02c W  99.01c S   3.12c ( +9.3 L  +8.4) LCB  101.06c P 24.32% WF 134.6 PSV     556 N     132  --  E12 L3 K3 M5 L4 M4 M3 L11
L8  : T  99.80c W  97.36c S   3.01c ( +9.3 L  +8.2) LCB   97.39c P 32.22% WF 147.7 PSV     149 N     149  --  L8 M8 E12 G3 F4 K2 M7
L11 : T  99.57c W  97.21c S   2.98c ( +9.3 L  +8.2) LCB   96.30c P 31.60% WF 123.7 PSV     126 N     127  --  L11 M11 E12 M6 C12 G3 G4 H3
H4  : T  99.67c W  98.02c S   1.48c ( +8.3 L  +7.2) LCB   98.25c P  1.71% WF  57.5 PSV       7 N      60  --  H4 L3 M5 J3 J4 H3 L8
M5  : T  99.13c W  97.69c S   1.32c ( +8.2 L  +7.1) LCB   96.58c P  2.26% WF  26.2 PSV       7 N      27  --  M5 M6 E12 E11 E10 F11
M7  : T  97.11c W  95.97c S   1.18c ( +8.1 L  +6.7) LCB   80.46c P  1.59% WF   8.8 PSV       3 N       9  --  M7 M6 L8 K8

2022-01-27 16:40:47+0100: = E12
2022-01-27 16:40:47+0100: Controller: play black C12
2022-01-27 16:40:47+0100: = 
2022-01-27 16:40:47+0100: Controller: genmove white
2022-01-27 16:40:50+0100: MoveNum: 25 HASH: 9E1C1CAE0994195DF422DDA4B37AA12A
   A B C D E F G H J K L M N
13 . . . . . . . . . . . . .
12 . . X3X1O2. . . . . . X .
11 . . X O . . O . . O . . .
10 . . X O . . . . . O X . .
 9 . . X X . . . . . O X . .
 8 . . . . . . . . . . @ . .
 7 . . . . . . . . . . . . .
 6 . . . . . . . . . X X . .
 5 . . X X . . . . . . O . .
 4 . . O . . . . . . O . . .
 3 . . . O . O . . . . . . .
 2 . . . . . . . . . . . . .
 1 . . . . . . . . . . . . .

koPOSITIONALscoreAREAtaxNONEsui1komi7.5
Time taken: 3.26843
Root visits: 505
New playouts: 505
NN rows: 440
NN batches: 148
NN avg batch size: 2.97297
PV: L8 M8 L11 M11 M9 M10 M7 N9 M6 J3 K3
Tree:
: T 105.42c W  99.25c S   6.29c (+11.7 L +10.9) N     505  --  L8 M8 L11 M11 M9 M10 M7
---White(^)---
L8  : T 105.96c W  99.19c S   6.92c (+12.1 L +11.3) LCB  104.61c P 40.58% WF 137.9 PSV     143 N     138  --  L8 M8 L11 M11 M9 M10 M7 N9
L11 : T 105.81c W  98.82c S   7.37c (+12.6 L +11.9) LCB  103.35c P 23.86% WF 104.4 PSV      76 N     105  --  L11 M11 L8 M8 M7 K8 L7 M6
H4  : T 105.27c W  99.49c S   5.69c (+11.1 L +10.5) LCB  104.52c P  7.01% WF  91.1 PSV      18 N      93  --  H4 L3 M5 J3 K3 K2
B5  : T 105.05c W  99.45c S   5.60c (+11.1 L +10.4) LCB  104.24c P  4.99% WF  58.0 PSV      12 N      59  --  B5 L11 K12 B6 M6 M7 M5
M5  : T 105.26c W  99.46c S   5.73c (+11.2 L +10.5) LCB  104.38c P  4.52% WF  62.4 PSV      11 N      63  --  M5 J3 K3 L11 K12
M6  : T 103.61c W  99.51c S   4.23c (+10.2 L  +9.5) LCB  101.54c P  4.33% WF  15.7 PSV       7 N      16  --  M6 M7 M5 H3 J2 H5
J4  : T 104.51c W  99.47c S   4.94c (+10.7 L +10.0) LCB  101.85c P  2.27% WF  13.9 PSV       4 N      14  --  J4 L11 K12 L3
M7  : T 103.91c W  98.97c S   5.12c (+10.9 L  +9.9) LCB   93.66c P  2.58% WF  10.9 PSV       4 N      11  --  M7 M6 L8 K8 L11
J3  : T 102.72c W  99.58c S   3.18c ( +9.5 L  +8.8) LCB   90.58c P  2.02% WF   4.9 PSV       2 N       5  --  J3 M6 M5

