2022-01-27 16:55:10+0100: GTP Engine starting...
2022-01-27 16:55:10+0100: KataGo v1.10.0
2022-01-27 16:55:10+0100: Using TrompTaylor rules initially, unless GTP/GUI overrides this
2022-01-27 16:55:10+0100: Using 6 CPU thread(s) for search
2022-01-27 16:55:10+0100: nnRandSeed0 = 518175854212646386
2022-01-27 16:55:10+0100: After dedups: nnModelFile0 = /Users/kodi/.katago/default_model.bin.gz useFP16 auto useNHWC auto
2022-01-27 16:55:10+0100: Initializing neural net buffer to be size 19 * 19 exactly
2022-01-27 16:55:11+0100: Found OpenCL Platform 0: Apple (Apple) (OpenCL 1.2 (Oct  1 2021 19:40:58))
2022-01-27 16:55:11+0100: Found 1 device(s) on platform 0 with type CPU or GPU or Accelerator
2022-01-27 16:55:11+0100: Found OpenCL Device 0: Apple M1 (Apple) (score 1000102)
2022-01-27 16:55:11+0100: Creating context for OpenCL Platform: Apple (Apple) (OpenCL 1.2 (Oct  1 2021 19:40:58))
2022-01-27 16:55:11+0100: Using OpenCL Device 0: Apple M1 (Apple) OpenCL 1.2  (Extensions: cl_APPLE_SetMemObjectDestructor cl_APPLE_ContextLoggingFunctions cl_APPLE_clut cl_APPLE_query_kernel_names cl_APPLE_gl_sharing cl_khr_gl_event cl_khr_byte_addressable_store cl_khr_global_int32_base_atomics cl_khr_global_int32_extended_atomics cl_khr_local_int32_base_atomics cl_khr_local_int32_extended_atomics cl_khr_3d_image_writes cl_khr_image2d_from_buffer cl_khr_depth_images )
2022-01-27 16:55:11+0100: Loaded tuning parameters from: /Users/kodi/.katago/opencltuning/tune8_gpuAppleM1_x19_y19_c256_mv8.txt
2022-01-27 16:55:11+0100: OpenCL backend thread 0: Model version 8
2022-01-27 16:55:11+0100: OpenCL backend thread 0: Model name: g170-b20c256x2-s5303129600-d1228401921
2022-01-27 16:55:12+0100: OpenCL backend thread 0: FP16Storage true FP16Compute false FP16TensorCores false
2022-01-27 16:55:12+0100: Loaded neural net with nnXLen 19 nnYLen 19
2022-01-27 16:55:12+0100: Initializing board with boardXSize 19 boardYSize 19
2022-01-27 16:55:12+0100: Loaded config /Users/kodi/.katago/default_gtp.cfg
2022-01-27 16:55:12+0100: Loaded model /Users/kodi/.katago/default_model.bin.gz
2022-01-27 16:55:12+0100: Model name: g170-b20c256x2-s5303129600-d1228401921
2022-01-27 16:55:12+0100: GTP ready, beginning main protocol loop
2022-01-27 16:55:12+0100: Controller: boardsize 7
2022-01-27 16:55:12+0100: GPU -1 finishing, processed 0 rows 0 batches
2022-01-27 16:55:12+0100: Cleaned up old neural net and bot
2022-01-27 16:55:12+0100: nnRandSeed0 = 10259204526658741819
2022-01-27 16:55:12+0100: After dedups: nnModelFile0 = /Users/kodi/.katago/default_model.bin.gz useFP16 auto useNHWC auto
2022-01-27 16:55:12+0100: Initializing neural net buffer to be size 7 * 7 exactly
2022-01-27 16:55:12+0100: Found OpenCL Platform 0: Apple (Apple) (OpenCL 1.2 (Oct  1 2021 19:40:58))
2022-01-27 16:55:12+0100: Found 1 device(s) on platform 0 with type CPU or GPU or Accelerator
2022-01-27 16:55:12+0100: Found OpenCL Device 0: Apple M1 (Apple) (score 1000102)
2022-01-27 16:55:12+0100: Creating context for OpenCL Platform: Apple (Apple) (OpenCL 1.2 (Oct  1 2021 19:40:58))
2022-01-27 16:55:12+0100: Using OpenCL Device 0: Apple M1 (Apple) OpenCL 1.2  (Extensions: cl_APPLE_SetMemObjectDestructor cl_APPLE_ContextLoggingFunctions cl_APPLE_clut cl_APPLE_query_kernel_names cl_APPLE_gl_sharing cl_khr_gl_event cl_khr_byte_addressable_store cl_khr_global_int32_base_atomics cl_khr_global_int32_extended_atomics cl_khr_local_int32_base_atomics cl_khr_local_int32_extended_atomics cl_khr_3d_image_writes cl_khr_image2d_from_buffer cl_khr_depth_images )
2022-01-27 16:55:12+0100: Loaded tuning parameters from: /Users/kodi/.katago/opencltuning/tune8_gpuAppleM1_x19_y19_c256_mv8.txt
2022-01-27 16:55:12+0100: OpenCL backend thread 0: Model version 8
2022-01-27 16:55:12+0100: OpenCL backend thread 0: Model name: g170-b20c256x2-s5303129600-d1228401921
2022-01-27 16:55:13+0100: OpenCL backend thread 0: FP16Storage true FP16Compute false FP16TensorCores false
2022-01-27 16:55:13+0100: Loaded neural net with nnXLen 7 nnYLen 7
2022-01-27 16:55:13+0100: Initializing board with boardXSize 7 boardYSize 7
2022-01-27 16:55:13+0100: = 
2022-01-27 16:55:13+0100: Controller: play black D4
2022-01-27 16:55:13+0100: = 
2022-01-27 16:55:13+0100: Controller: genmove white
2022-01-27 16:55:16+0100: MoveNum: 1 HASH: 3905A305868F1C75F0B0D201AADD5F7E
   A B C D E F G
 7 . . . . . . .
 6 . . . . . . .
 5 . . . . . . .
 4 . . @ X1. . .
 3 . . . . . . .
 2 . . . . . . .
 1 . . . . . . .

koPOSITIONALscoreAREAtaxNONEsui1komi7.5
Time taken: 2.42402
Root visits: 505
New playouts: 505
NN rows: 442
NN batches: 149
NN avg batch size: 2.96644
PV: C4 D3 D5 C5 E5 C6 B4 B5 C2 F4 D6 C3 B3 B2
Tree:
: T -85.66c W -84.93c S  -2.14c ( -2.6 L  -2.5) N     505  --  C4 D3 D5 C5 E5 C6 B4
---White(^)---
C4  : T -85.15c W -84.62c S  -1.94c ( -2.5 L  -2.4) LCB  -90.46c P 26.54% WF 480.8 PSV     479 N     492  --  C4 D3 D5 C5 E5 C6 B4 B5
B3  : T -106.11c W -98.58c S  -7.65c ( -4.6 L  -5.5) LCB -124.60c P  0.15% WF   4.2 PSV       0 N       5  --  B3 C4 E3 E4 D2
C3  : T -109.09c W -98.98c S  -9.78c ( -4.9 L  -4.9) LCB -372.99c P  0.57% WF   2.5 PSV       0 N       3  --  C3 D3
B2  : T -107.94c W -98.55c S  -9.53c ( -5.2 L  -5.8) LCB -280.00c P  0.04% WF   1.4 PSV       0 N       2  --  B2 C3
B4  : T -109.27c W -99.02c S -10.25c ( -5.7 L  -7.6) LCB -280.00c P  0.15% WF   0.9 PSV       0 N       1  --  B4
pss : T -130.19c W -99.41c S -30.78c (-21.6 L -22.7) LCB -280.00c P  0.04% WF   0.8 PSV       0 N       1  --  pass

2022-01-27 16:55:16+0100: = C4
2022-01-27 16:55:29+0100: Controller: play black D5
2022-01-27 16:55:29+0100: = 
2022-01-27 16:55:29+0100: Controller: genmove white
2022-01-27 16:55:30+0100: MoveNum: 3 HASH: 7C201EBA0FEFFE2ED8C464D750BF78F7
   A B C D E F G
 7 . . . . . . .
 6 . . . . . . .
 5 . . . X3. . .
 4 . . O2X1. . .
 3 . . . @ . . .
 2 . . . . . . .
 1 . . . . . . .

koPOSITIONALscoreAREAtaxNONEsui1komi7.5
Time taken: 1.23025
Root visits: 505
New playouts: 311
NN rows: 236
NN batches: 79
NN avg batch size: 2.98734
PV: D3 C3 E3 C2 B3 C5 B4 B2 B5 B6 A2 A3 A6
Tree:
: T -85.23c W -83.96c S  -2.67c ( -2.7 L  -2.8) N     505  --  D3 C3 E3 C2 B3 C5 B4
---White(^)---
D3  : T -82.70c W -80.97c S  -3.15c ( -2.9 L  -2.9) LCB  -89.48c P 20.05% WF 414.8 PSV     444 N     400  --  D3 C3 E3 C2 B3 C5 B4 B2
C3  : T -95.70c W -97.88c S   1.85c ( -1.3 L  -1.6) LCB -100.77c P 62.33% WF  78.1 PSV      89 N      93  --  C3 D3 C5 C6 B6 D6 D2 E2
C5  : T -106.12c W -98.71c S  -7.29c ( -4.3 L  -5.2) LCB -125.85c P  6.75% WF   4.2 PSV       5 N       5  --  C5 C3 D3
C2  : T -109.34c W -99.58c S  -9.37c ( -4.8 L  -5.3) LCB -280.00c P  2.67% WF   1.7 PSV       1 N       2  --  C2 D3
D2  : T -106.34c W -99.24c S  -7.10c ( -4.2 L  -6.2) LCB -280.00c P  1.97% WF   0.9 PSV       1 N       1  --  D2
E3  : T -117.14c W -97.25c S -19.89c ( -9.8 L -13.2) LCB -280.00c P  0.83% WF   0.8 PSV       0 N       1  --  E3
D6  : T -117.06c W -97.70c S -19.35c ( -9.3 L -12.3) LCB -280.00c P  0.81% WF   0.8 PSV       0 N       1  --  D6
E2  : T -113.69c W -97.38c S -16.31c ( -7.9 L -10.1) LCB -280.00c P  0.77% WF   0.9 PSV       0 N       1  --  E2

2022-01-27 16:55:30+0100: = D3
2022-01-27 16:55:56+0100: Controller: play black C3
2022-01-27 16:55:56+0100: = 
2022-01-27 16:55:56+0100: Controller: genmove white
2022-01-27 16:55:56+0100: MoveNum: 5 HASH: 21EB105E77A26874298595751E96348B
   A B C D E F G
 7 . . . . . . .
 6 . . . . . . .
 5 . . . X1. . .
 4 . . O X . . .
 3 . . X3O2@ . .
 2 . . . . . . .
 1 . . . . . . .

koPOSITIONALscoreAREAtaxNONEsui1komi7.5
Time taken: 0.501197
Root visits: 505
New playouts: 109
NN rows: 94
NN batches: 32
NN avg batch size: 2.9375
PV: E3 C2 C5 C6 B3 B2 B6 D6 E4 E5 B4
Tree:
: T -82.60c W -81.18c S  -2.52c ( -2.9 L  -2.9) N     505  --  E3 C2 C5 C6 B3 B2 B6
---White(^)---
E3  : T -81.17c W -79.00c S  -3.27c ( -3.3 L  -3.2) LCB  -89.67c P 39.65% WF 305.8 PSV     300 N     301  --  E3 C2 C5 C6 B3 B2 B6 D6
C2  : T -82.72c W -83.97c S   0.51c ( -1.9 L  -2.0) LCB  -94.96c P 20.47% WF 132.3 PSV      99 N     134  --  C2 B3 E3 B2 F5 F6 E5 E6
B3  : T -87.40c W -84.34c S  -3.71c ( -3.4 L  -3.5) LCB  -97.98c P 24.31% WF  56.9 PSV      57 N      61  --  B3 C2 E3 B2 B4 C5 B5 B6
C5  : T -99.22c W -93.66c S  -4.28c ( -3.5 L  -4.2) LCB -644.19c P  3.78% WF   2.7 PSV       3 N       3  --  C5 E3 D2
E4  : T -97.41c W -94.47c S  -4.55c ( -3.7 L  -4.5) LCB -280.00c P  2.50% WF   1.8 PSV       2 N       2  --  E4 E3
B4  : T -105.85c W -97.85c S  -8.00c ( -4.9 L  -6.8) LCB -280.00c P  2.54% WF   0.9 PSV       1 N       1  --  B4
D2  : T -105.58c W -98.04c S  -7.55c ( -4.8 L  -6.3) LCB -280.00c P  2.18% WF   0.9 PSV       1 N       1  --  D2
E2  : T -110.25c W -97.67c S -12.58c ( -6.9 L  -9.5) LCB -280.00c P  0.70% WF   0.9 PSV       0 N       1  --  E2

2022-01-27 16:55:56+0100: = E3
2022-01-27 16:56:18+0100: Controller: play black C2
2022-01-27 16:56:18+0100: = 
2022-01-27 16:56:18+0100: Controller: genmove white
2022-01-27 16:56:19+0100: MoveNum: 7 HASH: 256C7EE90A9F835023D4CE6CAA6AEDD6
   A B C D E F G
 7 . . . . . . .
 6 . . . . . . .
 5 . . . X . . .
 4 . @ O X . . .
 3 . . X1O O2. .
 2 . . X3. . . .
 1 . . . . . . .

koPOSITIONALscoreAREAtaxNONEsui1komi7.5
Time taken: 1.05954
Root visits: 505
New playouts: 245
NN rows: 199
NN batches: 67
NN avg batch size: 2.97015
PV: B4 C5 E4 E5 B5 D2 E2 B3 B6 F4 F3
Tree:
: T -76.84c W -77.04c S  -2.43c ( -3.3 L  -3.2) N     505  --  B4 C5 E4 E5 B5 D2 E2
---White(^)---
B4  : T -70.05c W -72.94c S  -1.74c ( -3.0 L  -3.0) LCB  -83.73c P 29.07% WF 220.9 PSV     199 N     199  --  B4 C5 E4 E5 B5 D2 E2 B3
B3  : T -82.30c W -81.12c S  -2.62c ( -3.3 L  -3.3) LCB  -94.21c P 34.95% WF 114.2 PSV      55 N     124  --  B3 B2 B4 C5 B5 B6 A2 A3
C5  : T -81.21c W -78.73c S  -3.21c ( -3.6 L  -3.5) LCB  -95.12c P 23.60% WF 158.3 PSV      40 N     170  --  C5 C6 B3 B2 B6 D6 E4 E5
F5  : T -94.61c W -93.96c S  -1.85c ( -3.0 L  -3.3) LCB -120.50c P  8.66% WF   7.5 PSV       7 N       9  --  F5 C5 E4 F6
B5  : T -104.74c W -98.43c S  -6.31c ( -4.6 L  -5.5) LCB -280.00c P  0.97% WF   0.9 PSV       0 N       1  --  B5
E4  : T -101.16c W -94.77c S  -6.38c ( -5.4 L  -7.1) LCB -280.00c P  0.96% WF   0.9 PSV       0 N       1  --  E4

2022-01-27 16:56:19+0100: = B4
2022-01-27 16:57:16+0100: Controller: play black C5
2022-01-27 16:57:16+0100: = 
2022-01-27 16:57:16+0100: Controller: genmove white
2022-01-27 16:57:18+0100: MoveNum: 9 HASH: CA994738B9A1AB90C4B078DF87F243B3
   A B C D E F G
 7 . . . . . . .
 6 . . . . . . .
 5 . @ X3X . . .
 4 . O2O X . . .
 3 . . X O O . .
 2 . . X1. . . .
 1 . . . . . . .

koPOSITIONALscoreAREAtaxNONEsui1komi7.5
Time taken: 1.52467
Root visits: 505
New playouts: 427
NN rows: 290
NN batches: 97
NN avg batch size: 2.98969
PV: B5 B6 E4 E5 F5 F4 F3 F6 B3 B2 A2
Tree:
: T -74.20c W -74.82c S  -2.29c ( -3.2 L  -3.4) N     505  --  B5 B6 E4 E5 F5 F4 F3
---White(^)---
B5  : T -73.27c W -74.75c S  -1.90c ( -3.1 L  -3.2) LCB  -84.50c P 40.91% WF 270.8 PSV     268 N     269  --  B5 B6 E4 E5 F5 F4 F3 F6
E4  : T -72.20c W -72.30c S  -2.59c ( -3.3 L  -3.6) LCB  -86.71c P 17.01% WF 203.3 PSV     151 N     200  --  E4 E5 B5 D2 F5 F4 F3 F6
D2  : T -96.88c W -92.65c S  -4.07c ( -3.8 L  -4.3) LCB -111.35c P 24.05% WF  19.5 PSV      23 N      26  --  D2 B3 F5 F6 C1 B1 D1
F5  : T -101.88c W -96.24c S  -4.19c ( -3.8 L  -3.9) LCB -169.56c P  8.29% WF   4.7 PSV       6 N       6  --  F5 E4 F4 F3
F4  : T -103.69c W -98.87c S  -4.81c ( -4.1 L  -5.8) LCB -280.00c P  2.24% WF   0.9 PSV       1 N       1  --  F4
B3  : T -103.86c W -97.33c S  -6.52c ( -5.1 L  -5.4) LCB -280.00c P  2.21% WF   0.9 PSV       1 N       1  --  B3
B2  : T -99.07c W -95.47c S  -3.60c ( -3.6 L  -3.6) LCB -280.00c P  1.94% WF   0.9 PSV       1 N       1  --  B2

2022-01-27 16:57:18+0100: = B5
2022-01-27 16:58:11+0100: Controller: play black B6
2022-01-27 16:58:11+0100: = 
2022-01-27 16:58:11+0100: Controller: genmove white
2022-01-27 16:58:12+0100: MoveNum: 11 HASH: 8295AA8A4827B3EF7A27B6C0756FB094
   A B C D E F G
 7 . . . . . . .
 6 . X3. . . . .
 5 . O2X1X . . .
 4 . O O X . . .
 3 . @ X O O . .
 2 . . X . . . .
 1 . . . . . . .

koPOSITIONALscoreAREAtaxNONEsui1komi7.5
Time taken: 1.1604
Root visits: 505
New playouts: 319
NN rows: 234
NN batches: 78
NN avg batch size: 3
PV: E4 E5 F5 F6 C6 F4 B3 F3 E6 G5 B2 E2
Tree:
: T -76.80c W -76.05c S  -3.35c ( -3.5 L  -3.7) N     505  --  E4 E5 F5 F6 C6 F4 B3
---White(^)---
E4  : T -74.03c W -73.55c S  -4.07c ( -3.8 L  -4.1) LCB  -90.10c P 12.26% WF 192.2 PSV     185 N     201  --  E4 E5 F5 F6 C6 F4 B3 F3
B3  : T -75.96c W -75.48c S  -3.06c ( -3.4 L  -3.4) LCB  -90.38c P 23.48% WF 149.9 PSV     149 N     149  --  B3 B2 A2 A3 A6 E4 F3 D2
C6  : T -79.91c W -78.10c S  -2.61c ( -3.2 L  -3.4) LCB -104.15c P 30.14% WF  72.4 PSV      76 N      76  --  C6 E4 F4 D6 D2 B3 C1
A6  : T -80.18c W -79.70c S  -2.43c ( -3.1 L  -3.3) LCB -100.26c P 20.03% WF  64.7 PSV      67 N      68  --  A6 D2 E2 B3 C6 F4 F5 E4
F4  : T -100.77c W -95.78c S  -5.95c ( -4.5 L  -5.3) LCB -126.95c P  6.59% WF   4.9 PSV       6 N       6  --  F4 F5 C6
F5  : T -103.77c W -98.04c S  -5.35c ( -4.1 L  -4.4) LCB -128.27c P  4.64% WF   3.3 PSV       3 N       4  --  F5 E4 F4

2022-01-27 16:58:12+0100: = B3
2022-01-27 16:58:42+0100: Controller: play black B2
2022-01-27 16:58:42+0100: = 
2022-01-27 16:58:42+0100: Controller: genmove white
2022-01-27 16:58:43+0100: MoveNum: 13 HASH: 217068C14DFEEE6743AC812FE07FB2EC
   A B C D E F G
 7 . . . . . . .
 6 . X1. . . . .
 5 . O X X . . .
 4 . O O X . . .
 3 . O2X O O . .
 2 @ X3X . . . .
 1 . . . . . . .

koPOSITIONALscoreAREAtaxNONEsui1komi7.5
Time taken: 1.61775
Root visits: 505
New playouts: 370
NN rows: 301
NN batches: 101
NN avg batch size: 2.9802
PV: A2 D2 E2 A3 A6 A1 C6 F4 B7 E4 E6 F6 F7 G6 D6
Tree:
: T -58.53c W -63.20c S   0.20c ( -2.3 L  -2.3) N     505  --  A2 D2 E2 A3 A6 A1 C6
---White(^)---
A2  : T -55.60c W -60.65c S   0.61c ( -2.1 L  -2.1) LCB  -67.88c P 39.74% WF 430.4 PSV     413 N     421  --  A2 D2 E2 A3 A6 A1 C6 F4
A6  : T -67.95c W -75.20c S  -1.99c ( -3.2 L  -3.1) LCB  -96.42c P 16.35% WF  31.6 PSV      34 N      36  --  A6 D2 E2 E4 A2 F2 F3
C6  : T -83.79c W -81.66c S  -2.46c ( -3.3 L  -3.3) LCB -107.13c P 19.88% WF  19.4 PSV      20 N      27  --  C6 E4 F3 D6 A6 D2
E4  : T -87.69c W -85.19c S  -3.17c ( -3.6 L  -3.9) LCB -112.14c P 17.96% WF  12.1 PSV      16 N      17  --  E4 E5 F5 F6 C6 F4
F5  : T -103.85c W -98.50c S  -5.34c ( -4.5 L  -6.1) LCB -280.00c P  2.09% WF   0.8 PSV       1 N       1  --  F5
F4  : T -104.25c W -97.52c S  -6.73c ( -5.2 L  -6.9) LCB -280.00c P  1.66% WF   0.8 PSV       1 N       1  --  F4
E5  : T -111.04c W -97.81c S -13.24c ( -8.1 L -13.2) LCB -280.00c P  0.58% WF   0.7 PSV       0 N       1  --  E5

2022-01-27 16:58:43+0100: = A2
2022-01-27 17:00:32+0100: Controller: play black A3
2022-01-27 17:00:32+0100: = 
2022-01-27 17:00:32+0100: Controller: genmove white
2022-01-27 17:00:33+0100: MoveNum: 15 HASH: 1B6E77BF8E570A1C4A325A88961667F7
   A B C D E F G
 7 . . . . . . .
 6 @ X . . . . .
 5 . O X X . . .
 4 . O O X . . .
 3 X3O X O O . .
 2 O2X1X . . . .
 1 . . . . . . .

koPOSITIONALscoreAREAtaxNONEsui1komi7.5
Time taken: 0.979787
Root visits: 505
New playouts: 216
NN rows: 185
NN batches: 62
NN avg batch size: 2.98387
PV: A6 E4 F3 D2 F4 D6 E6 F6 F5 E5 B7 C6 F7 E7 G6
Tree:
: T -55.45c W -56.33c S  -1.78c ( -2.2 L  -2.4) N     505  --  A6 E4 F3 D2 F4 D6 E6
---White(^)---
A6  : T -52.25c W -53.71c S  -1.37c ( -2.1 L  -2.2) LCB  -65.81c P 25.58% WF 469.5 PSV     449 N     450  --  A6 E4 F3 D2 F4 D6 E6 F6
E4  : T -89.38c W -85.40c S  -6.27c ( -4.0 L  -4.2) LCB -124.08c P 20.40% WF  11.9 PSV      18 N      18  --  E4 D2 E6 E5 F5
F5  : T -102.52c W -96.48c S  -6.85c ( -4.0 L  -4.6) LCB -119.75c P 20.82% WF   8.0 PSV      14 N      14  --  F5 E4 F4 F3 F2
A4  : T -111.21c W -98.10c S -12.37c ( -5.9 L  -6.4) LCB -128.36c P 21.83% WF   6.7 PSV      13 N      13  --  A4 A6 F5 D2 E2
F4  : T -103.38c W -97.91c S  -5.93c ( -3.5 L  -3.6) LCB -592.47c P  5.09% WF   2.0 PSV       3 N       3  --  F4 D2
E6  : T -104.20c W -97.00c S  -7.20c ( -5.0 L  -9.3) LCB -280.00c P  1.67% WF   0.7 PSV       1 N       1  --  E6
E5  : T -113.05c W -97.63c S -15.42c ( -8.4 L -12.5) LCB -280.00c P  1.43% WF   0.7 PSV       0 N       1  --  E5
F3  : T -112.45c W -98.37c S -14.08c ( -7.1 L  -9.2) LCB -280.00c P  0.65% WF   0.7 PSV       0 N       1  --  F3
C6  : T -110.44c W -97.55c S -12.89c ( -7.0 L  -8.5) LCB -280.00c P  0.48% WF   0.7 PSV       0 N       1  --  C6
D2  : T -108.97c W -99.16c S  -9.81c ( -5.4 L  -7.4) LCB -280.00c P  0.44% WF   0.7 PSV       0 N       1  --  D2

2022-01-27 17:00:33+0100: = A6
2022-01-27 17:03:52+0100: Controller: play black A1
2022-01-27 17:03:52+0100: = 
2022-01-27 17:03:52+0100: Controller: genmove white
2022-01-27 17:03:54+0100: MoveNum: 17 HASH: 365DF5388A9D2A53B1BA196D4745750B
   A B C D E F G
 7 . . . . . . .
 6 O2X @ . . . .
 5 . O X X . . .
 4 . O O X . . .
 3 X1O X O O . .
 2 . X X . . . .
 1 X3. . . . . .

koPOSITIONALscoreAREAtaxNONEsui1komi7.5
Time taken: 1.95266
Root visits: 505
New playouts: 481
NN rows: 364
NN batches: 122
NN avg batch size: 2.98361
PV: C6 F4 D2 C1 F3 E4 B7 D1 F5 F6 E6 E5
Tree:
: T  62.39c W  52.21c S   7.31c ( +4.8 L  +5.9) N     505  --  C6 F4 D2 C1 F3 E4 B7
---White(^)---
C6  : T  63.37c W  53.14c S   7.42c ( +4.9 L  +6.0) LCB   50.56c P 77.47% WF 497.9 PSV     493 N     497  --  C6 F4 D2 C1 F3 E4 B7 D1
F5  : T -112.08c W -97.56c S -12.37c ( -4.2 L  -4.2) LCB -280.00c P 11.44% WF   0.6 PSV       2 N       2  --  F5 A5
E4  : T -99.10c W -90.89c S  -8.21c ( -3.9 L  -4.9) LCB -280.00c P  5.42% WF   0.4 PSV       1 N       1  --  E4
F4  : T -110.62c W -98.40c S -12.22c ( -5.8 L  -6.9) LCB -280.00c P  2.14% WF   0.3 PSV       0 N       1  --  F4
E6  : T -107.69c W -98.41c S  -9.28c ( -3.8 L  -5.2) LCB -280.00c P  1.00% WF   0.3 PSV       0 N       1  --  E6
E5  : T -106.17c W -96.91c S  -9.26c ( -4.0 L  -5.6) LCB -280.00c P  0.52% WF   0.4 PSV       0 N       1  --  E5
B1  : T -121.64c W -98.98c S -22.66c (-12.4 L -14.6) LCB -280.00c P  0.41% WF   0.3 PSV       0 N       1  --  B1

2022-01-27 17:03:54+0100: = C6
2022-01-27 17:05:49+0100: Controller: play black B7
2022-01-27 17:05:49+0100: = 
2022-01-27 17:05:49+0100: Controller: genmove white
2022-01-27 17:05:51+0100: MoveNum: 19 HASH: CDBDF3928A9F4907B2D7E5302981A67B
   A B C D E F G
 7 . X3@ . . . .
 6 O X O2. . . .
 5 . O X X . . .
 4 . O O X . . .
 3 X O X O O . .
 2 . X X . . . .
 1 X1. . . . . .

koPOSITIONALscoreAREAtaxNONEsui1komi7.5
Time taken: 1.57551
Root visits: 505
New playouts: 353
NN rows: 300
NN batches: 100
NN avg batch size: 3
PV: C7 F4 D2 C1 F3 E4 F2 E1 A7 D1 E6 G6 D6
Tree:
: T  79.75c W  70.41c S   6.55c ( +7.5 L  +9.4) N     505  --  C7 F4 D2 C1 F3 E4 F2
---White(^)---
C7  : T  81.31c W  71.80c S   6.80c ( +7.7 L  +9.6) LCB   71.49c P 55.56% WF 487.0 PSV     477 N     481  --  C7 F4 D2 C1 F3 E4 F2 E1
D6  : T  39.06c W  33.41c S  -1.87c ( +2.3 L  +2.2) LCB  -40.65c P 28.77% WF  10.9 PSV      18 N      18  --  D6 E5 C7 E6 A7 D2 E2
E6  : T -30.31c W -15.12c S -10.85c ( -0.6 L  -0.8) LCB -280.00c P  4.65% WF   0.9 PSV       1 N       2  --  E6 D6
E5  : T -26.59c W  -5.12c S -10.97c ( -0.5 L  -0.7) LCB -280.00c P  4.52% WF   0.9 PSV       1 N       2  --  E5 D6
E4  : T -96.33c W -82.55c S -13.78c ( -2.7 L  -2.5) LCB -280.00c P  5.64% WF   0.3 PSV       0 N       1  --  E4

2022-01-27 17:05:51+0100: = C7
2022-01-27 17:08:12+0100: Controller: play black D2
2022-01-27 17:08:12+0100: = 
2022-01-27 17:08:12+0100: Controller: genmove white
2022-01-27 17:08:14+0100: MoveNum: 21 HASH: 37F6872B9F06C3AD2B3711659C63EF4A
   A B C D E F G
 7 . X1O2. . . .
 6 O X O . . . .
 5 . O X X . . .
 4 . O O X @ . .
 3 X O X O O . .
 2 . X X X3. . .
 1 X . . . . . .

koPOSITIONALscoreAREAtaxNONEsui1komi7.5
Time taken: 1.92326
Root visits: 505
New playouts: 481
NN rows: 360
NN batches: 120
NN avg batch size: 3
PV: E4 E6 F6 E2 E5 F3 F4 G4
Tree:
: T 118.75c W  93.94c S  23.05c (+21.6 L +23.4) N     505  --  E4 E6 F6 E2 E5 F3 F4
---White(^)---
E4  : T 122.60c W  95.20c S  25.12c (+23.3 L +25.3) LCB  116.96c P 11.86% WF 459.4 PSV     432 N     435  --  E4 E6 F6 E2 E5 F3 F4 G4
E6  : T  86.86c W  91.77c S  -4.30c ( +2.7 L  +2.6) LCB   69.31c P 36.17% WF  29.9 PSV      21 N      49  --  E6 E4 D6 F4 F5 F3 G4
D6  : T  21.00c W  25.11c S  -5.25c ( +1.3 L  +0.8) LCB -3196.96c P 17.94% WF   1.3 PSV       3 N       3  --  D6 E6 A7
F5  : T  72.50c W  73.02c S   3.34c ( +6.2 L  +6.8) LCB   -0.72c P  4.34% WF   6.0 PSV       1 N      10  --  F5 A4 A7 B6 B7
E2  : T -90.72c W -76.27c S -14.46c ( -1.9 L  -0.5) LCB -280.00c P 13.35% WF   0.3 PSV       1 N       1  --  E2
A7  : T   3.46c W  11.97c S  -8.51c ( +0.1 L  -0.3) LCB -280.00c P  9.14% WF   0.5 PSV       1 N       1  --  A7
F4  : T  74.05c W  76.51c S   1.20c ( +4.8 L  +3.5) LCB -280.00c P  1.21% WF   1.4 PSV       0 N       2  --  F4 E6
E5  : T  37.84c W  41.51c S  -3.67c ( +2.3 L  +1.2) LCB -280.00c P  2.61% WF   0.6 PSV       0 N       1  --  E5
F6  : T  46.62c W  51.92c S  -5.30c ( +1.6 L  +0.9) LCB -280.00c P  1.99% WF   0.6 PSV       0 N       1  --  F6
B1  : T -104.28c W -90.29c S -13.99c ( -2.8 L  -2.6) LCB -280.00c P  1.05% WF   0.3 PSV       0 N       1  --  B1

2022-01-27 17:08:14+0100: = E4
2022-01-27 17:08:58+0100: Controller: play black E6
2022-01-27 17:08:58+0100: = 
2022-01-27 17:08:58+0100: Controller: genmove white
2022-01-27 17:08:59+0100: MoveNum: 23 HASH: D5E1D5286A2590C2BEE68E60ECB0DA9B
   A B C D E F G
 7 . X O . . . .
 6 O X O . X3@ .
 5 . O X X . . .
 4 . O O X O2. .
 3 X O X O O . .
 2 . X X X1. . .
 1 X . . . . . .

koPOSITIONALscoreAREAtaxNONEsui1komi7.5
Time taken: 1.49014
Root visits: 505
New playouts: 359
NN rows: 280
NN batches: 94
NN avg batch size: 2.97872
PV: F6 E2 F4 F3 E5 G4 D6 G5 A4
Tree:
: T 107.26c W  96.38c S   9.59c (+19.6 L +21.0) N     505  --  F6 E2 F4 F3 E5 G4 D6
---White(^)---
F6  : T 108.83c W  97.30c S  10.38c (+20.0 L +21.2) LCB  105.51c P 40.30% WF 479.5 PSV     470 N     473  --  F6 E2 F4 F3 E5 G4 D6 G5
A7  : T  76.03c W  78.52c S  -0.53c (+13.6 L +17.0) LCB    3.12c P 34.71% WF  12.4 PSV      16 N      18  --  A7 E5 F5 F6 F4 E2 G6 G2
E2  : T  91.26c W  90.37c S   1.19c (+14.9 L +17.7) LCB   54.38c P  3.62% WF   6.8 PSV       3 N       8  --  E2 F5 A7 F4
E5  : T  30.25c W  45.22c S -14.47c ( +4.2 L  +2.8) LCB -463.44c P 17.37% WF   1.6 PSV       3 N       3  --  E5 D6 A7
B1  : T -52.20c W -31.27c S -20.93c ( -0.4 L  -0.6) LCB -280.00c P  2.52% WF   0.4 PSV       0 N       1  --  B1
E7  : T -53.60c W -32.58c S -21.02c ( -1.6 L  -0.7) LCB -280.00c P  0.66% WF   0.4 PSV       0 N       1  --  E7

2022-01-27 17:08:59+0100: = F6
2022-01-27 17:09:11+0100: Controller: play black E2
2022-01-27 17:09:11+0100: = 
2022-01-27 17:09:11+0100: Controller: genmove white
2022-01-27 17:09:12+0100: MoveNum: 25 HASH: 8AB35D744F7FF0A0DCDBE88F5E380CAF
   A B C D E F G
 7 . X O . . . .
 6 O X O . X1O2.
 5 . O X X . . .
 4 . O O X O @ .
 3 X O X O O . .
 2 . X X X X3. .
 1 X . . . . . .

koPOSITIONALscoreAREAtaxNONEsui1komi7.5
Time taken: 0.98243
Root visits: 505
New playouts: 280
NN rows: 182
NN batches: 62
NN avg batch size: 2.93548
PV: F4 F3 E5 G4 D6 G5 A4 A2
Tree:
: T 114.70c W  98.55c S  14.34c (+18.4 L +19.2) N     505  --  F4 F3 E5 G4 D6 G5 A4
---White(^)---
F4  : T 116.40c W  99.10c S  15.59c (+18.8 L +19.5) LCB  113.74c P 13.37% WF 186.5 PSV     401 N     182  --  F4 F3 E5 G4 D6 G5 A4 A2
E5  : T 114.58c W  99.39c S  14.51c (+17.9 L +18.2) LCB  110.62c P 47.02% WF 167.1 PSV     168 N     168  --  E5 F3 F4 G4 D6 G5 G6 G3
F5  : T 113.14c W  99.45c S  12.19c (+17.1 L +17.8) LCB  110.43c P 11.98% WF  64.5 PSV      34 N      66  --  F5 F3 F4 G2 G4 G3
F3  : T 113.93c W  95.18c S  15.33c (+20.2 L +22.0) LCB  103.73c P  9.28% WF  79.9 PSV      33 N      81  --  F3 F2 E5 G3 G4 G2
A7  : T  97.41c W  98.41c S  -2.11c (+11.9 L +13.0) LCB  -29.55c P  7.39% WF   3.5 PSV       4 N       4  --  A7 F5 E5
E7  : T 103.09c W  99.60c S   3.72c (+14.1 L +15.0) LCB -280.00c P  3.07% WF   1.9 PSV       2 N       2  --  E7 F3
F2  : T  23.61c W  34.46c S -10.85c ( +4.2 L  +2.8) LCB -280.00c P  5.97% WF   0.6 PSV       0 N       1  --  F2

2022-01-27 17:09:12+0100: = F4
2022-01-27 17:09:23+0100: Controller: play black F2
2022-01-27 17:09:23+0100: = 
2022-01-27 17:09:23+0100: Controller: genmove white
2022-01-27 17:09:24+0100: MoveNum: 27 HASH: 803AF862290556E8B1F13F5090690BF1
   A B C D E F G
 7 . X O . . . .
 6 O X O . X O .
 5 . O X X @ . .
 4 . O O X O O2.
 3 X O X O O . .
 2 . X X X X1X3.
 1 X . . . . . .

koPOSITIONALscoreAREAtaxNONEsui1komi7.5
Time taken: 1.54727
Root visits: 505
New playouts: 464
NN rows: 289
NN batches: 97
NN avg batch size: 2.97938
PV: E5 G3 G4 F3 D6 A4 A5 A2
Tree:
: T 116.06c W  99.32c S  16.11c (+18.6 L +19.1) N     505  --  E5 G3 G4 F3 D6 A4 A5
---White(^)---
E5  : T 116.85c W  99.76c S  17.07c (+18.7 L +19.0) LCB  115.84c P 37.30% WF 169.0 PSV     214 N     167  --  E5 G3 G4 F3 D6 A4 A5 A2
A7  : T 115.68c W  99.45c S  15.94c (+18.4 L +18.8) LCB  113.30c P 25.06% WF 112.1 PSV      74 N     113  --  A7 F3 G4 G3 D6 A4
G3  : T 115.75c W  98.01c S  15.98c (+19.1 L +19.9) LCB  106.11c P 13.48% WF  75.6 PSV      40 N      77  --  G3 G2 E5 F3 G4 A4
G4  : T 115.69c W  99.15c S  15.63c (+18.6 L +19.4) LCB  112.58c P 13.04% WF  94.4 PSV      38 N      96  --  G4 G3 E5 A4 D6 F3
E7  : T 115.72c W  99.82c S  15.43c (+18.1 L +18.4) LCB  113.67c P  4.99% WF  48.8 PSV      14 N      49  --  E7 G3 G4 F3 A7 A4
F5  : T 108.81c W  99.89c S   8.92c (+16.1 L +17.3) LCB -280.00c P  1.27% WF   1.0 PSV       1 N       1  --  F5
F3  : T 104.63c W  97.31c S   7.33c (+15.8 L +17.9) LCB -280.00c P  1.04% WF   0.9 PSV       0 N       1  --  F3

2022-01-27 17:09:24+0100: = E5
2022-01-27 17:09:26+0100: Controller: play black F3
2022-01-27 17:09:26+0100: = 
2022-01-27 17:09:26+0100: Controller: genmove white
2022-01-27 17:09:27+0100: MoveNum: 29 HASH: 83296DD0B9F0495E72A964FCDEB3FC54
   A B C D E F G
 7 . X O . . . .
 6 O X O @ X O .
 5 . O X X O2. .
 4 . O O X O O .
 3 X O X O O X3.
 2 . X X X X X1.
 1 X . . . . . .

koPOSITIONALscoreAREAtaxNONEsui1komi7.5
Time taken: 1.22796
Root visits: 423
New playouts: 389
NN rows: 223
NN batches: 76
NN avg batch size: 2.93421
PV: D6 G4 G5 G3 A4 A2 E7 pass A7 pass pass
Tree:
: T 116.04c W  99.41c S  16.13c (+18.7 L +19.0) N     423  --  D6 G4 G5 G3 A4 A2 E7
---White(^)---
D6  : T 116.49c W  99.88c S  16.53c (+18.6 L +18.8) LCB  115.25c P 21.16% WF 103.5 PSV     364 N     103  --  D6 G4 G5 G3 A4 A2 E7 pass
G3  : T 116.62c W  99.15c S  16.74c (+19.2 L +19.7) LCB  112.85c P 51.69% WF 174.3 PSV     173 N     173  --  G3 G2 G4 A4 A7 A2 A5 pass
G4  : T 115.45c W  99.28c S  15.61c (+18.5 L +18.7) LCB  109.26c P 21.52% WF 115.8 PSV      45 N     117  --  G4 G3 D6 A4 A5 A2 A7 pass
G5  : T 114.34c W  99.83c S  14.49c (+17.8 L +17.9) LCB  111.15c P  1.30% WF  20.3 PSV       2 N      22  --  G5 G3 D6 A4 G4 A2
F5  : T 109.59c W  99.86c S  10.17c (+16.6 L +16.7) LCB   69.05c P  1.17% WF   4.8 PSV       1 N       5  --  F5 G4 D6
A7  : T 107.56c W  99.69c S   7.78c (+15.9 L +16.1) LCB -280.00c P  1.34% WF   1.9 PSV       1 N       2  --  A7 G4

2022-01-27 17:09:27+0100: = D6
2022-01-27 17:09:27+0100: Controller: play black A4
2022-01-27 17:09:27+0100: = 
2022-01-27 17:09:27+0100: Controller: genmove white
2022-01-27 17:09:28+0100: MoveNum: 31 HASH: D4B32CD891DCFA5BD74B1A0E4CED6819
   A B C D E F G
 7 . X O . . . .
 6 O X O O2X O .
 5 . O . . O . .
 4 X3O O . O O .
 3 X O X O O X1@
 2 . X X X X X .
 1 X . . . . . .

koPOSITIONALscoreAREAtaxNONEsui1komi7.5
Time taken: 0.916976
Root visits: 293
New playouts: 273
NN rows: 167
NN batches: 58
NN avg batch size: 2.87931
PV: G3 G2 G4 A2 A5 pass E7 pass A7 pass pass
Tree:
: T 116.48c W  99.88c S  15.92c (+19.2 L +19.4) N     293  --  G3 G2 G4 A2 A5 pass E7
---White(^)---
G3  : T 118.06c W  99.87c S  18.11c (+19.7 L +19.9) LCB  116.76c P 54.24% WF 111.2 PSV     109 N     109  --  G3 G2 G4 A2 A5 pass E7 pass
A5  : T 116.56c W  99.88c S  14.97c (+19.5 L +19.8) LCB  114.55c P 23.94% WF  64.5 PSV      33 N      65  --  A5 G4 G5 G3 A2 A3 A7 A2
G4  : T 114.99c W  99.91c S  14.98c (+18.5 L +18.6) LCB  113.21c P 13.94% WF  71.4 PSV      13 N      75  --  G4 G3 A5 A2 E7 pass A7 pass
B1  : T 114.91c W  99.82c S  14.73c (+18.6 L +18.6) LCB  109.76c P  1.76% WF  24.5 PSV       1 N      27  --  B1 A2 G3 G2 G4 A5 A7 C1
G5  : T 113.89c W  99.88c S  13.94c (+18.1 L +18.2) LCB  109.94c P  1.54% WF  14.5 PSV       1 N      16  --  G5 G3 G4 A2 A5 pass

2022-01-27 17:09:28+0100: = G3
2022-01-27 17:09:28+0100: Controller: play black G2
2022-01-27 17:09:28+0100: = 
2022-01-27 17:09:28+0100: Controller: genmove white
2022-01-27 17:09:28+0100: MoveNum: 33 HASH: B1E97E79FB6145EE84C80F4FA524600A
   A B C D E F G
 7 . X O . . . .
 6 O X O O X O .
 5 . O . . O . .
 4 X1O O . O O @
 3 X O X O O X O2
 2 . X X X X X X3
 1 X . . . . . .

koPOSITIONALscoreAREAtaxNONEsui1komi7.5
Time taken: 0.46671
Root visits: 246
New playouts: 161
NN rows: 89
NN batches: 31
NN avg batch size: 2.87097
PV: G4 A2 A5 pass E7 pass A7 pass pass
Tree:
: T 117.41c W  99.89c S  17.35c (+19.4 L +19.6) N     246  --  G4 A2 A5 pass E7 pass A7
---White(^)---
G4  : T 118.78c W  99.91c S  18.72c (+19.9 L +20.1) LCB  117.98c P 64.35% WF 130.2 PSV     128 N     128  --  G4 A2 A5 pass E7 pass A7 pass
A5  : T 116.47c W  99.86c S  16.38c (+19.1 L +19.3) LCB  114.55c P 21.97% WF  58.9 PSV      25 N      60  --  A5 G4 A2 A3 G5 G3 A4 A2
G5  : T 114.05c W  99.87c S  14.17c (+18.2 L +18.4) LCB  108.72c P  6.16% WF  21.2 PSV       4 N      22  --  G5 G4 A5 A2 G3 pass G4
B1  : T 115.71c W  99.84c S  15.67c (+18.9 L +19.0) LCB  111.78c P  2.71% WF  31.6 PSV       2 N      35  --  B1 A2 G4 A5 A7 C1 E7 pass

2022-01-27 17:09:28+0100: = G4
2022-01-27 17:09:29+0100: Controller: play black A2
2022-01-27 17:09:29+0100: = 
2022-01-27 17:09:29+0100: Controller: genmove white
2022-01-27 17:09:29+0100: MoveNum: 35 HASH: B51ED26D2FDEA4C937926E080E447141
   A B C D E F G
 7 . X O . . . .
 6 O X O O X O .
 5 @ O . . O . .
 4 X O O . O O O2
 3 X O X O O X O
 2 X3X X X X X X1
 1 X . . . . . .

koPOSITIONALscoreAREAtaxNONEsui1komi7.5
Time taken: 0.597172
Root visits: 241
New playouts: 171
NN rows: 106
NN batches: 39
NN avg batch size: 2.71795
PV: A5 pass E7 pass A7 pass pass
Tree:
: T 116.59c W  99.91c S  16.60c (+19.3 L +19.6) N     241  --  A5 pass E7 pass A7 pass pass
---White(^)---
A5  : T 118.52c W  99.91c S  18.50c (+20.0 L +20.3) LCB  118.03c P 64.39% WF 149.4 PSV     146 N     146  --  A5 pass E7 pass A7 pass pass
A7  : T 113.91c W  99.92c S  13.86c (+18.3 L +18.5) LCB  112.63c P 11.40% WF  46.2 PSV       9 N      48  --  A7 A5 E7 pass pass
E7  : T 109.80c W  99.92c S  10.71c (+17.4 L +17.7) LCB   71.88c P  4.04% WF   6.6 PSV       2 N       7  --  E7 A5 A7 pass pass
D4  : T 113.83c W  99.93c S  13.68c (+18.2 L +18.5) LCB  112.31c P  2.12% WF  14.7 PSV       1 N      16  --  D4 A5 A7 pass E7 pass pass
D5  : T 113.31c W  99.88c S  13.36c (+18.2 L +18.5) LCB  110.46c P  2.18% WF   8.7 PSV       1 N       9  --  D5 A5 A7 pass E7 pass
C5  : T 112.82c W  99.89c S  12.96c (+18.0 L +18.4) LCB  110.54c P  2.68% WF   7.7 PSV       1 N       8  --  C5 A5 E7 pass A7
F5  : T 112.57c W  99.89c S  12.61c (+17.9 L +18.3) LCB  102.92c P  2.23% WF   5.8 PSV       1 N       6  --  F5 A5 A7 pass E7

2022-01-27 17:09:29+0100: = A5
2022-01-27 17:09:29+0100: Controller: play black pass
2022-01-27 17:09:29+0100: = 
2022-01-27 17:09:29+0100: Controller: final_score
2022-01-27 17:09:30+0100: = W+20.5
2022-01-27 17:09:30+0100: Controller: genmove white
2022-01-27 17:09:31+0100: MoveNum: 37 HASH: C457389F6344D9F79B74A04A74F2A070
   A B C D E F G
 7 . X O . @ . .
 6 O X O O X O .
 5 O2O . . O . .
 4 X O O . O O O
 3 X O X O O X O
 2 X1X X X X X X
 1 X . . . . . .

koPOSITIONALscoreAREAtaxNONEsui1komi7.5
Time taken: 0.156807
Root visits: 109
New playouts: 109
NN rows: 26
NN batches: 10
NN avg batch size: 2.6
PV: E7 pass A7 pass pass
Tree:
: T 116.22c W  99.91c S  16.19c (+20.0 L +20.3) N     109  --  E7 pass A7 pass pass
---White(^)---
E7  : T 116.43c W  99.91c S  16.45c (+20.1 L +20.4) LCB  114.98c P 21.59% WF  28.1 PSV      36 N      28  --  E7 pass A7 pass pass
A7  : T 116.26c W  99.93c S  16.32c (+20.0 L +20.4) LCB  114.93c P 24.22% WF  34.0 PSV      34 N      34  --  A7 pass E7 pass pass
D5  : T 116.01c W  99.90c S  15.94c (+19.9 L +20.3) LCB  111.69c P  6.76% WF   9.0 PSV       9 N       9  --  D5 pass E7 pass A7
D4  : T 116.50c W  99.92c S  16.34c (+20.1 L +20.4) LCB  111.38c P  5.79% WF   9.0 PSV       9 N       9  --  D4 pass A7 pass E7
C5  : T 115.92c W  99.92c S  15.74c (+19.8 L +20.2) LCB  111.56c P  6.30% WF   9.0 PSV       8 N       9  --  C5 pass A7 pass E7
F5  : T 115.68c W  99.92c S  15.55c (+19.8 L +20.3) LCB  110.08c P  6.38% WF   8.0 PSV       7 N       8  --  F5 pass E7 pass A7
G5  : T 116.01c W  99.88c S  16.10c (+20.0 L +20.3) LCB   76.88c P  3.01% WF   4.0 PSV       2 N       4  --  G5 pass A7
D7  : T 114.94c W  99.93c S  14.94c (+19.5 L +20.1) LCB   66.45c P  3.68% WF   3.0 PSV       2 N       3  --  D7 pass A7
G6  : T 116.91c W  99.89c S  16.32c (+20.1 L +20.4) LCB -280.00c P  3.12% WF   2.0 PSV       2 N       2  --  G6 pass
F7  : T 116.31c W  99.89c S  16.05c (+19.9 L +20.2) LCB -280.00c P  2.91% WF   2.0 PSV       2 N       2  --  F7 pass

2022-01-27 17:09:31+0100: = E7
2022-01-27 17:09:31+0100: Controller: play black pass
2022-01-27 17:09:31+0100: = 
2022-01-27 17:09:31+0100: Controller: final_score
2022-01-27 17:09:31+0100: = W+20.5
2022-01-27 17:09:31+0100: Controller: genmove white
2022-01-27 17:09:31+0100: MoveNum: 39 HASH: 9CDD52175517C74991E7848769DB69DA
   A B C D E F G
 7 @ X O . O2. .
 6 O X O O . O .
 5 O O . . O . .
 4 X O O . O O O
 3 X O X O O X O
 2 X X X X X X X
 1 X . . . . . .

koPOSITIONALscoreAREAtaxNONEsui1komi7.5
Time taken: 0.0323979
Root visits: 57
New playouts: 57
NN rows: 3
NN batches: 2
NN avg batch size: 1.5
PV: A7 pass pass
Tree:
: T 117.52c W  99.94c S  17.38c (+20.0 L +20.4) N      57  --  A7 pass pass
---White(^)---
A7  : T 117.66c W  99.96c S  17.70c (+20.1 L +20.4) LCB  115.64c P 27.44% WF  21.0 PSV      21 N      21  --  A7 pass pass
D5  : T 117.65c W  99.93c S  17.40c (+20.0 L +20.3) LCB  103.06c P  6.96% WF   5.0 PSV       5 N       5  --  D5 pass A7 pass
C5  : T 117.62c W  99.94c S  17.24c (+20.0 L +20.3) LCB  101.33c P  6.87% WF   5.0 PSV       5 N       5  --  C5 pass A7 pass pass
F7  : T 117.65c W  99.94c S  17.32c (+20.0 L +20.3) LCB  102.25c P  6.83% WF   5.0 PSV       5 N       5  --  F7 pass A7 pass pass
F5  : T 117.54c W  99.94c S  17.30c (+20.0 L +20.3) LCB  103.62c P  6.58% WF   5.0 PSV       5 N       5  --  F5 pass A7 pass pass
E6  : T 117.78c W  99.94c S  17.55c (+20.1 L +20.4) LCB  103.57c P  6.25% WF   5.0 PSV       5 N       5  --  E6 pass A7 pass pass
D7  : T 116.73c W  99.91c S  16.50c (+19.7 L +20.2) LCB   90.66c P  6.34% WF   4.0 PSV       4 N       4  --  D7 pass A7 pass
D4  : T 117.58c W  99.92c S  17.27c (+20.0 L +20.4) LCB   92.99c P  5.71% WF   4.0 PSV       4 N       4  --  D4 pass A7 pass
pss : T 115.43c W  99.99c S  15.44c (+19.3 L +20.1) LCB -280.00c P  3.56% WF   1.0 PSV       1 N       1  --  pass
G6  : T 115.82c W  99.99c S  15.83c (+19.4 L +20.1) LCB -280.00c P  3.54% WF   1.0 PSV       1 N       1  --  G6

2022-01-27 17:09:31+0100: = A7
2022-01-27 17:09:31+0100: Controller: play black pass
2022-01-27 17:09:31+0100: = 
2022-01-27 17:09:31+0100: Controller: final_score
2022-01-27 17:09:32+0100: = W+20.5
2022-01-27 17:09:32+0100: Controller: genmove white
2022-01-27 17:09:32+0100: MoveNum: 41 HASH: 3FEFE44DB83D0A56510AA97CB254E34B
   A B C D E F G
 7 O2. O . O . .
 6 O . O O . O .
 5 O O . . O . .
 4 X O O . O O O
 3 X O X O O X O
 2 X X X X X X X
 1 X . . . . . .

koPOSITIONALscoreAREAtaxNONEsui1komi7.5
Time taken: 0.0156106
Root visits: 55
New playouts: 55
NN rows: 1
NN batches: 1
NN avg batch size: 1
PV: pass pass
Tree:
: T 118.70c W  99.97c S  18.57c (+20.2 L +20.4) N      55  --  pass pass
---White(^)---
pss : T 118.34c W  99.97c S  18.44c (+20.2 L +20.4) LCB  115.55c P 20.38% WF  15.9 PSV      16 N      16  --  pass pass
D5  : T 119.01c W  99.98c S  18.81c (+20.3 L +20.4) LCB  111.82c P  7.87% WF   6.0 PSV       6 N       6  --  D5 pass pass
E6  : T 119.01c W  99.98c S  18.81c (+20.3 L +20.5) LCB  112.82c P  7.53% WF   6.0 PSV       6 N       6  --  E6 pass pass
D4  : T 119.11c W  99.97c S  18.96c (+20.3 L +20.5) LCB  113.91c P  7.15% WF   6.0 PSV       6 N       6  --  D4 pass pass
C5  : T 118.90c W  99.97c S  18.64c (+20.2 L +20.4) LCB  106.07c P  6.98% WF   5.0 PSV       5 N       5  --  C5 pass pass
F5  : T 118.83c W  99.97c S  18.56c (+20.2 L +20.4) LCB  105.90c P  6.67% WF   5.0 PSV       5 N       5  --  F5 pass pass
F7  : T 118.98c W  99.97c S  18.76c (+20.3 L +20.5) LCB  107.70c P  6.51% WF   5.0 PSV       5 N       5  --  F7 pass pass
D7  : T 118.60c W  99.97c S  18.22c (+20.1 L +20.4) LCB   86.21c P  5.64% WF   4.0 PSV       4 N       4  --  D7 pass pass
B6  : T 116.16c W  99.99c S  16.16c (+19.3 L +20.2) LCB -280.00c P  4.41% WF   1.0 PSV       1 N       1  --  B6

2022-01-27 17:09:32+0100: = pass
2022-01-27 17:09:32+0100: Controller: final_score
2022-01-27 17:09:32+0100: = W+20.5
2022-01-27 17:10:17+0100: GPU -1 finishing, processed 4747 rows 1650 batches
2022-01-27 17:10:17+0100: All cleaned up, quitting
