2022-01-27 16:44:44+0100: GTP Engine starting...
2022-01-27 16:44:44+0100: KataGo v1.10.0
2022-01-27 16:44:44+0100: Using TrompTaylor rules initially, unless GTP/GUI overrides this
2022-01-27 16:44:44+0100: Using 6 CPU thread(s) for search
2022-01-27 16:44:44+0100: nnRandSeed0 = 13381180240228416828
2022-01-27 16:44:44+0100: After dedups: nnModelFile0 = /Users/kodi/.katago/default_model.bin.gz useFP16 auto useNHWC auto
2022-01-27 16:44:44+0100: Initializing neural net buffer to be size 19 * 19 exactly
2022-01-27 16:44:44+0100: Found OpenCL Platform 0: Apple (Apple) (OpenCL 1.2 (Oct  1 2021 19:40:58))
2022-01-27 16:44:44+0100: Found 1 device(s) on platform 0 with type CPU or GPU or Accelerator
2022-01-27 16:44:44+0100: Found OpenCL Device 0: Apple M1 (Apple) (score 1000102)
2022-01-27 16:44:44+0100: Creating context for OpenCL Platform: Apple (Apple) (OpenCL 1.2 (Oct  1 2021 19:40:58))
2022-01-27 16:44:44+0100: Using OpenCL Device 0: Apple M1 (Apple) OpenCL 1.2  (Extensions: cl_APPLE_SetMemObjectDestructor cl_APPLE_ContextLoggingFunctions cl_APPLE_clut cl_APPLE_query_kernel_names cl_APPLE_gl_sharing cl_khr_gl_event cl_khr_byte_addressable_store cl_khr_global_int32_base_atomics cl_khr_global_int32_extended_atomics cl_khr_local_int32_base_atomics cl_khr_local_int32_extended_atomics cl_khr_3d_image_writes cl_khr_image2d_from_buffer cl_khr_depth_images )
2022-01-27 16:44:44+0100: Loaded tuning parameters from: /Users/kodi/.katago/opencltuning/tune8_gpuAppleM1_x19_y19_c256_mv8.txt
2022-01-27 16:44:44+0100: OpenCL backend thread 0: Model version 8
2022-01-27 16:44:44+0100: OpenCL backend thread 0: Model name: g170-b20c256x2-s5303129600-d1228401921
2022-01-27 16:44:45+0100: OpenCL backend thread 0: FP16Storage true FP16Compute false FP16TensorCores false
2022-01-27 16:44:45+0100: Loaded neural net with nnXLen 19 nnYLen 19
2022-01-27 16:44:45+0100: Initializing board with boardXSize 19 boardYSize 19
2022-01-27 16:44:45+0100: Loaded config /Users/kodi/.katago/default_gtp.cfg
2022-01-27 16:44:45+0100: Loaded model /Users/kodi/.katago/default_model.bin.gz
2022-01-27 16:44:45+0100: Model name: g170-b20c256x2-s5303129600-d1228401921
2022-01-27 16:44:45+0100: GTP ready, beginning main protocol loop
2022-01-27 16:44:45+0100: Controller: boardsize 9
2022-01-27 16:44:45+0100: GPU -1 finishing, processed 0 rows 0 batches
2022-01-27 16:44:45+0100: Cleaned up old neural net and bot
2022-01-27 16:44:45+0100: nnRandSeed0 = 15688427382023529199
2022-01-27 16:44:45+0100: After dedups: nnModelFile0 = /Users/kodi/.katago/default_model.bin.gz useFP16 auto useNHWC auto
2022-01-27 16:44:45+0100: Initializing neural net buffer to be size 9 * 9 exactly
2022-01-27 16:44:46+0100: Found OpenCL Platform 0: Apple (Apple) (OpenCL 1.2 (Oct  1 2021 19:40:58))
2022-01-27 16:44:46+0100: Found 1 device(s) on platform 0 with type CPU or GPU or Accelerator
2022-01-27 16:44:46+0100: Found OpenCL Device 0: Apple M1 (Apple) (score 1000102)
2022-01-27 16:44:46+0100: Creating context for OpenCL Platform: Apple (Apple) (OpenCL 1.2 (Oct  1 2021 19:40:58))
2022-01-27 16:44:46+0100: Using OpenCL Device 0: Apple M1 (Apple) OpenCL 1.2  (Extensions: cl_APPLE_SetMemObjectDestructor cl_APPLE_ContextLoggingFunctions cl_APPLE_clut cl_APPLE_query_kernel_names cl_APPLE_gl_sharing cl_khr_gl_event cl_khr_byte_addressable_store cl_khr_global_int32_base_atomics cl_khr_global_int32_extended_atomics cl_khr_local_int32_base_atomics cl_khr_local_int32_extended_atomics cl_khr_3d_image_writes cl_khr_image2d_from_buffer cl_khr_depth_images )
2022-01-27 16:44:46+0100: Loaded tuning parameters from: /Users/kodi/.katago/opencltuning/tune8_gpuAppleM1_x19_y19_c256_mv8.txt
2022-01-27 16:44:46+0100: OpenCL backend thread 0: Model version 8
2022-01-27 16:44:46+0100: OpenCL backend thread 0: Model name: g170-b20c256x2-s5303129600-d1228401921
2022-01-27 16:44:46+0100: OpenCL backend thread 0: FP16Storage true FP16Compute false FP16TensorCores false
2022-01-27 16:44:46+0100: Loaded neural net with nnXLen 9 nnYLen 9
2022-01-27 16:44:46+0100: Initializing board with boardXSize 9 boardYSize 9
2022-01-27 16:44:46+0100: = 
2022-01-27 16:44:46+0100: Controller: play black E5
2022-01-27 16:44:46+0100: = 
2022-01-27 16:44:46+0100: Controller: genmove white
2022-01-27 16:44:49+0100: MoveNum: 1 HASH: 38E71B648B5DE3A43B414F57C285AD76
   A B C D E F G H J
 9 . . . . . . . . .
 8 . . . . . . . . .
 7 . . . . . . . . .
 6 . . . . . . . . .
 5 . . @ . X1. . . .
 4 . . . . . . . . .
 3 . . . . . . . . .
 2 . . . . . . . . .
 1 . . . . . . . . .

koPOSITIONALscoreAREAtaxNONEsui1komi7.5
Time taken: 2.61754
Root visits: 505
New playouts: 505
NN rows: 467
NN batches: 157
NN avg batch size: 2.97452
PV: C5 D7 G6 G4 F7 C4 B4 C3 D5 E4 E6 D6 B6 H7 E7 D8 H6
Tree:
: T  69.90c W  68.75c S   1.37c ( +2.2 L  +1.3) N     505  --  C5 D7 G6 G4 F7 C4 B4
---White(^)---
C5  : T  71.00c W  69.63c S   1.56c ( +2.3 L  +1.4) LCB   68.15c P 20.88% WF 421.8 PSV     416 N     419  --  C5 D7 G6 G4 F7 C4 B4 C3
C4  : T  65.88c W  65.95c S   0.47c ( +1.7 L  +0.9) LCB   56.48c P  0.84% WF  41.2 PSV       1 N      48  --  C4 D3 C6 G6 G3 C3 H5 G5
C3  : T  64.47c W  64.66c S   0.14c ( +1.5 L  +0.7) LCB   49.76c P  0.43% WF  18.1 PSV       0 N      20  --  C3 C5 F3 F7 G4 E3
D4  : T  43.04c W  44.93c S  -2.33c ( +0.2 L  -0.1) LCB  -34.13c P  0.15% WF   4.8 PSV       0 N       6  --  D4 E4 C6 D7
B5  : T  23.44c W  27.13c S  -3.69c ( -0.6 L  -0.9) LCB -280.00c P  0.02% WF   0.5 PSV       0 N       1  --  B5
D5  : T -21.44c W -14.36c S  -7.07c ( -2.3 L  -1.6) LCB -280.00c P  0.01% WF   0.2 PSV       0 N       1  --  D5
pss : T -122.61c W -99.49c S -23.12c (-13.8 L -15.0) LCB -280.00c P  0.00% WF   0.1 PSV       0 N       1  --  pass
B4  : T  -9.34c W  -3.30c S  -6.03c ( -1.9 L  -1.8) LCB -280.00c P  0.00% WF   0.1 PSV       0 N       1  --  B4
B3  : T -54.60c W -47.36c S  -7.24c ( -2.7 L  -2.5) LCB -280.00c P  0.00% WF   0.0 PSV       0 N       1  --  B3
A5  : T -112.80c W -97.18c S -15.62c ( -7.7 L  -7.9) LCB -280.00c P  0.00% WF   0.0 PSV       0 N       1  --  A5

2022-01-27 16:44:49+0100: = C5
2022-01-27 16:44:58+0100: Controller: play black F7
2022-01-27 16:44:58+0100: = 
2022-01-27 16:44:58+0100: Controller: genmove white
2022-01-27 16:45:01+0100: MoveNum: 3 HASH: 20DE30332B07ED2A688EDB455DC3DBC4
   A B C D E F G H J
 9 . . . . . . . . .
 8 . . . . . . . . .
 7 . . . . . X3. . .
 6 . . . . . . . . .
 5 . . O2. X1. . . .
 4 . . . . . . . . .
 3 . . . . . . @ . .
 2 . . . . . . . . .
 1 . . . . . . . . .

koPOSITIONALscoreAREAtaxNONEsui1komi7.5
Time taken: 2.83884
Root visits: 505
New playouts: 505
NN rows: 484
NN batches: 163
NN avg batch size: 2.96933
PV: G3 C4 B4 D4 C7 H4 G4 H5 E3 B3 B5 D2 E2 H3 D3 C3
Tree:
: T  73.05c W  73.29c S   1.01c ( +2.3 L  +1.3) N     505  --  G3 C4 B4 D4 C7 H4 G4
---White(^)---
G3  : T  74.75c W  74.77c S   1.21c ( +2.4 L  +1.4) LCB   70.54c P 54.58% WF 375.3 PSV     368 N     374  --  G3 C4 B4 D4 C7 H4 G4 H5
C3  : T  70.42c W  69.60c S   0.44c ( +2.0 L  +1.1) LCB   62.73c P 12.06% WF  41.2 PSV      26 N      43  --  C3 D4 C4 E2 G5 D6 C6 G3
F3  : T  66.62c W  68.17c S   0.66c ( +2.1 L  +1.2) LCB   45.26c P  9.11% WF  18.5 PSV      12 N      20  --  F3 D4 C4 C3 G5 C7 B3
G5  : T  67.28c W  69.54c S   0.14c ( +1.8 L  +1.0) LCB   45.50c P  5.52% WF  14.0 PSV       8 N      15  --  G5 F3 C3 C6 B6
C7  : T  69.55c W  69.50c S   0.39c ( +1.9 L  +1.1) LCB   49.48c P  3.67% WF  17.2 PSV       7 N      18  --  C7 C4 B4 D5 C3 D4 B6
D3  : T  69.04c W  71.41c S   0.63c ( +2.1 L  +1.1) LCB   51.53c P  3.43% WF  11.4 PSV       6 N      12  --  D3 D4 C4 E3 D2 E2 G7 G6
D7  : T  64.80c W  66.44c S   0.15c ( +1.8 L  +1.0) LCB   34.50c P  3.41% WF   9.2 PSV       3 N      10  --  D7 C6 D6 D5 B5 D3
G4  : T  62.92c W  65.63c S   0.23c ( +1.9 L  +1.0) LCB    4.69c P  3.71% WF   5.5 PSV       3 N       6  --  G4 E3 G6 G7 D7
G6  : T  48.48c W  54.89c S  -1.36c ( +1.0 L  +0.3) LCB -897.97c P  2.78% WF   2.5 PSV       1 N       3  --  G6 G4 H4
E3  : T  58.07c W  63.37c S  -0.37c ( +1.5 L  +0.7) LCB -864.09c P  0.86% WF   2.7 PSV       0 N       3  --  E3 D4 G4

2022-01-27 16:45:01+0100: = G3
2022-01-27 16:45:04+0100: Controller: play black C7
2022-01-27 16:45:04+0100: = 
2022-01-27 16:45:04+0100: Controller: genmove white
2022-01-27 16:45:06+0100: MoveNum: 5 HASH: AC96BDA33C1ECC2729110BC85EAB347A
   A B C D E F G H J
 9 . . . . . . . . .
 8 . . . . . . . . .
 7 . . X3. . X1. . .
 6 . . . . . . . . .
 5 . . O . X . . . .
 4 . . . . . . . . .
 3 . . @ . . . O2. .
 2 . . . . . . . . .
 1 . . . . . . . . .

koPOSITIONALscoreAREAtaxNONEsui1komi7.5
Time taken: 2.0595
Root visits: 505
New playouts: 502
NN rows: 360
NN batches: 120
NN avg batch size: 3
PV: C3 D4 D3 C4 B4 E3 E2 B3 B5 D2 C2 F2 D1 F3
Tree:
: T  71.60c W  71.07c S   0.64c ( +2.3 L  +1.4) N     505  --  C3 D4 D3 C4 B4 E3 E2
---White(^)---
C3  : T  73.61c W  72.86c S   0.77c ( +2.3 L  +1.4) LCB   68.93c P 25.22% WF 220.4 PSV     224 N     215  --  C3 D4 D3 C4 B4 E3 E2 B3
D3  : T  74.49c W  72.59c S   0.79c ( +2.3 L  +1.5) LCB   66.60c P 20.04% WF 156.0 PSV     150 N     150  --  D3 D4 C3 C4 B4 E3 E2 B3
D6  : T  64.97c W  66.14c S   0.47c ( +2.2 L  +1.3) LCB   54.95c P 37.79% WF  81.1 PSV      54 N      90  --  D6 D3 D7 G5 E2 E3 F6 E6
D4  : T  60.44c W  63.66c S  -0.42c ( +1.7 L  +0.8) LCB   30.73c P  7.71% WF   9.0 PSV       7 N      10  --  D4 F3 F4 E4 E3 F2 F5 D3
G5  : T  65.12c W  66.81c S   0.26c ( +2.1 L  +1.2) LCB   42.21c P  3.29% WF  20.0 PSV       4 N      22  --  G5 D3 D6 F5 D7 G6 H5
D7  : T  54.09c W  57.68c S  -1.37c ( +1.2 L  +0.3) LCB -280.00c P  3.81% WF   1.8 PSV       2 N       2  --  D7 C6
C6  : T  65.76c W  68.66c S  -0.52c ( +1.7 L  +0.9) LCB   36.25c P  0.19% WF   8.3 PSV       0 N      12  --  C6 D7 C3 D4 G5 D2
E6  : T  62.89c W  63.35c S  -0.46c ( +1.7 L  +0.8) LCB -280.00c P  0.82% WF   1.0 PSV       0 N       1  --  E6
E3  : T  43.17c W  45.43c S  -2.26c ( +0.7 L  +0.0) LCB -280.00c P  0.66% WF   0.9 PSV       0 N       1  --  E3
D2  : T  40.08c W  42.81c S  -2.73c ( +0.6 L  +0.3) LCB -280.00c P  0.09% WF   0.8 PSV       0 N       1  --  D2

2022-01-27 16:45:06+0100: = C3
2022-01-27 16:45:08+0100: Controller: play black G5
2022-01-27 16:45:08+0100: = 
2022-01-27 16:45:08+0100: Controller: genmove white
2022-01-27 16:45:11+0100: MoveNum: 7 HASH: 8063C35C59E5FA69CEEE94F2D3DAE371
   A B C D E F G H J
 9 . . . . . . . . .
 8 . . . . . . . . .
 7 . . X1. . X . . .
 6 . . . . . . . . .
 5 . . O . X . X3. .
 4 . . . . . @ . . .
 3 . . O2. . . O . .
 2 . . . . . . . . .
 1 . . . . . . . . .

koPOSITIONALscoreAREAtaxNONEsui1komi7.5
Time taken: 2.69412
Root visits: 505
New playouts: 505
NN rows: 468
NN batches: 157
NN avg batch size: 2.98089
PV: F4 D5 C4 H3 C6 D7 H2
Tree:
: T  90.87c W  89.26c S   2.08c ( +2.6 L  +1.8) N     505  --  F4 D5 C4 H3 C6 D7 H2
---White(^)---
F4  : T  93.76c W  91.54c S   2.54c ( +2.8 L  +2.0) LCB   91.84c P 33.06% WF 352.5 PSV     338 N     339  --  F4 D5 C4 H3 C6 D7 H2
E3  : T  86.43c W  86.59c S   0.93c ( +2.0 L  +1.2) LCB   82.48c P 33.22% WF  91.4 PSV      42 N      99  --  E3 D4 C4 H3 D6 D7 E6 F6
H5  : T  81.16c W  79.15c S   1.82c ( +2.5 L  +1.6) LCB   67.99c P 20.83% WF  25.2 PSV      16 N      29  --  H5 D4 G6 C4 B4 D3 C2
G4  : T  70.67c W  71.99c S   0.45c ( +1.8 L  +1.1) LCB -329.78c P  5.67% WF   2.6 PSV       2 N       3  --  G4 D4 C4
E2  : T  80.56c W  80.76c S   0.68c ( +1.9 L  +1.1) LCB   65.18c P  2.05% WF  15.5 PSV       1 N      18  --  E2 H3 H4 G4 H2 F3 G2 H5
F3  : T  80.90c W  80.95c S   0.33c ( +1.8 L  +1.1) LCB   55.65c P  0.56% WF   8.5 PSV       0 N      13  --  F3 B5 B4 D4 D3
D3  : T  70.69c W  71.47c S  -0.78c ( +1.3 L  +0.7) LCB -280.00c P  2.23% WF   0.9 PSV       0 N       1  --  D3
D4  : T  46.24c W  48.48c S  -2.24c ( +0.5 L  -0.0) LCB -280.00c P  1.30% WF   0.8 PSV       0 N       1  --  D4
D6  : T  70.80c W  70.60c S   0.20c ( +1.7 L  +1.0) LCB -280.00c P  0.35% WF   0.9 PSV       0 N       1  --  D6

2022-01-27 16:45:11+0100: = F4
2022-01-27 16:45:13+0100: Controller: play black B6
2022-01-27 16:45:13+0100: = 
2022-01-27 16:45:13+0100: Controller: genmove white
2022-01-27 16:45:15+0100: MoveNum: 9 HASH: 2C3CE3F4BC346FE37FCAF857DD802DB6
   A B C D E F G H J
 9 . . . . . . . . .
 8 . . . . . . . . .
 7 . . X . . X . . .
 6 . X3. . . . . . .
 5 . @ O . X . X1. .
 4 . . . . . O2. . .
 3 . . O . . . O . .
 2 . . . . . . . . .
 1 . . . . . . . . .

koPOSITIONALscoreAREAtaxNONEsui1komi7.5
Time taken: 2.72536
Root visits: 505
New playouts: 505
NN rows: 471
NN batches: 158
NN avg batch size: 2.98101
PV: B5 G4 F3 C6 F5 F6 H3
Tree:
: T  95.78c W  95.98c S   0.23c ( +3.3 L  +2.7) N     505  --  B5 G4 F3 C6 F5 F6 H3
---White(^)---
B5  : T  96.77c W  96.62c S   0.29c ( +3.3 L  +2.8) LCB   94.44c P 21.01% WF 118.2 PSV     337 N     117  --  B5 G4 F3 C6 F5 F6 H3
F5  : T  95.20c W  95.36c S   0.56c ( +3.4 L  +2.8) LCB   92.41c P 53.48% WF 146.8 PSV     148 N     149  --  F5 F6 G6 H6 G7 G8 D6 E6
E4  : T  95.16c W  96.22c S  -0.52c ( +3.0 L  +2.4) LCB   92.12c P 11.35% WF  90.4 PSV      31 N      92  --  E4 H4 C6 D7 H3 B5 B4
H4  : T  97.73c W  97.76c S  -0.05c ( +3.2 L  +2.7) LCB   94.13c P  1.36% WF  70.6 PSV      16 N      70  --  H4 D4 D3 C4 B4 B5 E4 D5
H5  : T  95.52c W  95.07c S   0.96c ( +3.6 L  +2.9) LCB   91.37c P  2.10% WF  54.7 PSV       6 N      55  --  H5 G4 H4 F3 F2 E3 E2 H3
D6  : T  91.13c W  92.85c S  -0.71c ( +2.8 L  +2.0) LCB   78.72c P  4.53% WF  12.5 PSV       5 N      13  --  D6 F5 D4 D7 H4
C6  : T  89.44c W  90.24c S  -0.33c ( +3.0 L  +2.1) LCB   54.60c P  4.03% WF   7.6 PSV       4 N       8  --  C6 D4 C4 D3

2022-01-27 16:45:15+0100: = B5
2022-01-27 16:45:17+0100: Controller: play black H4
2022-01-27 16:45:17+0100: = 
2022-01-27 16:45:17+0100: Controller: genmove white
2022-01-27 16:45:19+0100: MoveNum: 11 HASH: F3BBD9DEF533D759F018BE990DF41639
   A B C D E F G H J
 9 . . . . . . . . .
 8 . . . . . . . . .
 7 . . X . . X . . .
 6 . X1@ . . . . . .
 5 . O2O . X . X . .
 4 . . . . . O . X3.
 3 . . O . . . O . .
 2 . . . . . . . . .
 1 . . . . . . . . .

koPOSITIONALscoreAREAtaxNONEsui1komi7.5
Time taken: 2.52039
Root visits: 505
New playouts: 505
NN rows: 449
NN batches: 151
NN avg batch size: 2.97351
PV: C6 B7 D7 D6 D8 E7 F5 F6
Tree:
: T  98.03c W  96.85c S   1.58c ( +3.8 L  +3.5) N     505  --  C6 B7 D7 D6 D8 E7 F5
---White(^)---
C6  : T 100.76c W  98.70c S   2.26c ( +4.1 L  +3.8) LCB   99.18c P 20.67% WF 161.3 PSV     254 N     155  --  C6 B7 D7 D6 D8 E7 F5 F6
F5  : T  97.73c W  96.01c S   1.99c ( +4.0 L  +3.8) LCB   94.35c P 26.11% WF 120.6 PSV      58 N     123  --  F5 F6 C6 B7 D6 D7 E6 H3
D6  : T  96.71c W  96.79c S   0.35c ( +3.3 L  +2.8) LCB   94.02c P 31.65% WF 103.8 PSV      57 N     106  --  D6 D7 F5 E6 H3 E4 E3 D4
D7  : T  95.86c W  93.59c S   3.39c ( +4.7 L  +4.4) LCB   86.58c P 12.15% WF  59.9 PSV      19 N      62  --  D7 C6 F5 F6 D6 D8 D5 E4
H3  : T  96.01c W  97.53c S  -1.33c ( +2.7 L  +2.1) LCB   93.96c P  7.80% WF  46.8 PSV      12 N      48  --  H3 E4 E3 D6 F5 F6
F8  : T  92.04c W  93.01c S  -0.80c ( +2.8 L  +1.8) LCB   79.33c P  0.29% WF   7.3 PSV       0 N      10  --  F8 E7 F5 H3

2022-01-27 16:45:19+0100: = C6
2022-01-27 16:45:35+0100: Controller: play black B7
2022-01-27 16:45:35+0100: = 
2022-01-27 16:45:35+0100: Controller: genmove white
2022-01-27 16:45:37+0100: MoveNum: 13 HASH: E5885871D9A3A71D0C834F0FD1276988
   A B C D E F G H J
 9 . . . . . . . . .
 8 . . . . . . . . .
 7 . X3X . . X . . .
 6 . X O2@ . . . . .
 5 . O O . X . X . .
 4 . . . . . O . X1.
 3 . . O . . . O . .
 2 . . . . . . . . .
 1 . . . . . . . . .

koPOSITIONALscoreAREAtaxNONEsui1komi7.5
Time taken: 2.16061
Root visits: 505
New playouts: 423
NN rows: 377
NN batches: 126
NN avg batch size: 2.99206
PV: D6 D7 E6 F5 H3 E4 E3 G4 F3
Tree:
: T  99.60c W  97.53c S   2.37c ( +3.6 L  +3.4) N     505  --  D6 D7 E6 F5 H3 E4 E3
---White(^)---
D6  : T 100.13c W  98.48c S   1.69c ( +3.3 L  +3.1) LCB   98.74c P 26.35% WF 129.9 PSV     317 N     129  --  D6 D7 E6 F5 H3 E4 E3 G4
D7  : T  99.64c W  97.86c S   2.15c ( +3.5 L  +3.2) LCB   97.60c P 30.36% WF 161.4 PSV     162 N     162  --  D7 D6 E4 D8 H3 J3 J2 J4
F5  : T 100.31c W  96.37c S   4.10c ( +4.4 L  +4.5) LCB   97.09c P 27.88% WF 140.3 PSV     139 N     139  --  F5 F6 D6 E3 E4 D4 H3 D3
H3  : T  97.75c W  97.88c S   0.35c ( +2.8 L  +2.4) LCB   95.44c P  7.65% WF  60.5 PSV      19 N      62  --  H3 E4 E3 D6 F5 F6 G4 D4
E6  : T  93.88c W  94.37c S   0.44c ( +2.9 L  +2.1) LCB   73.61c P  6.25% WF  11.4 PSV       7 N      12  --  E6 F5 D6 E7 H3 E4

2022-01-27 16:45:37+0100: = D6
2022-01-27 16:45:40+0100: Controller: play black D7
2022-01-27 16:45:40+0100: = 
2022-01-27 16:45:40+0100: Controller: genmove white
2022-01-27 16:45:41+0100: MoveNum: 15 HASH: 838438D1B3AF9497CC814E996299F3D6
   A B C D E F G H J
 9 . . . . . . . . .
 8 . . . . . . . . .
 7 . X1X X3. X . . .
 6 . X O O2@ . . . .
 5 . O O . X . X . .
 4 . . . . . O . X .
 3 . . O . . . O . .
 2 . . . . . . . . .
 1 . . . . . . . . .

koPOSITIONALscoreAREAtaxNONEsui1komi7.5
Time taken: 1.45336
Root visits: 446
New playouts: 355
NN rows: 258
NN batches: 86
NN avg batch size: 3
PV: E6 H3 E7 E8 F8 G8 F5 F6 H2 A5
Tree:
: T 101.09c W  98.24c S   2.86c ( +3.2 L  +2.9) N     446  --  E6 H3 E7 E8 F8 G8 F5
---White(^)---
E6  : T 101.94c W  98.68c S   3.20c ( +3.3 L  +3.0) LCB  100.86c P 66.07% WF 264.2 PSV     261 N     262  --  E6 H3 E7 E8 F8 G8 F5 F6
F5  : T  99.83c W  97.11c S   2.88c ( +3.2 L  +2.9) LCB   97.01c P 17.24% WF  96.5 PSV      33 N      99  --  F5 E6 G6 H6 G4 H5 F6
H3  : T  99.83c W  98.15c S   1.76c ( +2.7 L  +2.4) LCB   97.08c P 16.17% WF  82.1 PSV      31 N      84  --  H3 E4 E3 E6 F5 F6 G4

2022-01-27 16:45:41+0100: = E6
2022-01-27 16:45:46+0100: Controller: play black F5
2022-01-27 16:45:46+0100: = 
2022-01-27 16:45:46+0100: Controller: genmove white
2022-01-27 16:45:47+0100: MoveNum: 17 HASH: 1F28DBB2AB921D732B8DB12C503FA797
   A B C D E F G H J
 9 . . . . . . . . .
 8 . . . . . . . . .
 7 . X X X1. X . . .
 6 . X O O O2@ . . .
 5 . O O . X X3X . .
 4 . . . . . O . X .
 3 . . O . . . O . .
 2 . . . . . . . . .
 1 . . . . . . . . .

koPOSITIONALscoreAREAtaxNONEsui1komi7.5
Time taken: 1.11338
Root visits: 394
New playouts: 239
NN rows: 193
NN batches: 65
NN avg batch size: 2.96923
PV: H3 E4 E3 G4 F3 E7 J4
Tree:
: T 101.61c W  98.45c S   3.15c ( +3.5 L  +3.3) N     394  --  H3 E4 E3 G4 F3 E7 J4
---White(^)---
H3  : T 102.35c W  98.97c S   3.42c ( +3.6 L  +3.4) LCB  100.84c P 32.70% WF 132.8 PSV     179 N     134  --  H3 E4 E3 G4 F3 E7 J4
F6  : T 102.63c W  98.64c S   4.01c ( +3.9 L  +3.7) LCB  100.45c P 24.64% WF 140.5 PSV     138 N     139  --  F6 G7 H3 A5 B4 E4 E3 J3
E7  : T 100.52c W  97.79c S   2.61c ( +3.3 L  +3.1) LCB   97.51c P 27.27% WF  73.3 PSV      60 N      75  --  E7 E8 H3 E4 E3 G4 F6
E4  : T  97.84c W  97.32c S   0.44c ( +2.5 L  +2.1) LCB   94.83c P 15.02% WF  42.9 PSV      18 N      45  --  E4 D4 D3 H3 F6 G7 H2 J2

2022-01-27 16:45:47+0100: = F6
2022-01-27 16:45:53+0100: Controller: play black G6
2022-01-27 16:45:53+0100: = 
2022-01-27 16:45:53+0100: Controller: genmove white
2022-01-27 16:45:55+0100: MoveNum: 19 HASH: CABC144F90A5D66555C2193044F7A15D
   A B C D E F G H J
 9 . . . . . . . . .
 8 . . . . . . . . .
 7 . X X X @ X . . .
 6 . X O O O O2X3. .
 5 . O O . X X1X . .
 4 . . . . . O . X .
 3 . . O . . . O . .
 2 . . . . . . . . .
 1 . . . . . . . . .

koPOSITIONALscoreAREAtaxNONEsui1komi7.5
Time taken: 1.9325
Root visits: 354
New playouts: 354
NN rows: 335
NN batches: 113
NN avg batch size: 2.9646
PV: E7 D8 E8 E3 E2 F2 E4 F3 D4 G4
Tree:
: T 111.89c W  99.13c S  13.19c (+11.1 L +12.1) N     354  --  E7 D8 E8 E3 E2 F2 E4
---White(^)---
E7  : T 112.97c W  99.23c S  14.05c (+11.6 L +12.6) LCB  111.18c P 91.07% WF 310.3 PSV     308 N     312  --  E7 D8 E8 E3 E2 F2 E4 F3
E4  : T  95.61c W  99.18c S  -3.24c ( +3.3 L  +3.1) LCB   89.69c P  6.28% WF   7.7 PSV       2 N       9  --  E4 E7 H3 D4 D5
H3  : T  95.64c W  99.33c S  -3.28c ( +3.3 L  +3.2) LCB   85.42c P  2.08% WF   5.2 PSV       0 N       6  --  H3 E7 E4
D4  : T  91.31c W  97.89c S  -6.16c ( +2.2 L  +1.5) LCB  -74.41c P  0.35% WF   2.1 PSV       0 N       3  --  D4 E7 H3
E3  : T  87.83c W  95.25c S  -7.42c ( +1.7 L  +1.1) LCB -280.00c P  0.09% WF   0.6 PSV       0 N       1  --  E3
D3  : T  82.11c W  89.94c S  -7.83c ( +1.4 L  +0.7) LCB -280.00c P  0.02% WF   0.2 PSV       0 N       1  --  D3
G2  : T  73.60c W  80.26c S  -6.66c ( +1.7 L  +0.9) LCB -280.00c P  0.01% WF   0.1 PSV       0 N       1  --  G2
H2  : T  87.55c W  94.88c S  -7.33c ( +1.5 L  +0.9) LCB -280.00c P  0.01% WF   0.2 PSV       0 N       1  --  H2
G7  : T  73.55c W  77.73c S  -4.18c ( +2.5 L  +1.3) LCB -280.00c P  0.01% WF   0.1 PSV       0 N       1  --  G7
F2  : T  55.28c W  64.24c S  -8.95c ( +0.9 L  +0.2) LCB -280.00c P  0.01% WF   0.1 PSV       0 N       1  --  F2

2022-01-27 16:45:55+0100: = E7
2022-01-27 16:46:16+0100: Controller: play black E8
2022-01-27 16:46:16+0100: = 
2022-01-27 16:46:16+0100: Controller: genmove white
2022-01-27 16:46:17+0100: MoveNum: 21 HASH: E0F79FE8720F9AEC9E0D47A80A854F73
   A B C D E F G H J
 9 . . . . . . . . .
 8 . . . . X3@ . . .
 7 . X X X O2X . . .
 6 . X O O O O X1. .
 5 . O O . X X X . .
 4 . . . . . O . X .
 3 . . O . . . O . .
 2 . . . . . . . . .
 1 . . . . . . . . .

koPOSITIONALscoreAREAtaxNONEsui1komi7.5
Time taken: 1.52862
Root visits: 311
New playouts: 306
NN rows: 274
NN batches: 92
NN avg batch size: 2.97826
PV: F8 E3 D8 D3 D2 E2 G7 C2 B2 D1
Tree:
: T 113.57c W  99.52c S  13.68c (+18.8 L +20.0) N     311  --  F8 E3 D8 D3 D2 E2 G7
---White(^)---
F8  : T 114.33c W  99.65c S  14.36c (+19.2 L +20.3) LCB  112.75c P 96.81% WF 274.4 PSV     274 N     274  --  F8 E3 D8 D3 D2 E2 G7 C2
E4  : T  84.47c W  99.58c S -15.12c ( +4.4 L  +4.4) LCB -280.00c P  1.43% WF   0.9 PSV       0 N       1  --  E4
H3  : T  88.04c W  99.73c S -11.69c ( +6.2 L  +6.0) LCB -280.00c P  1.23% WF   0.9 PSV       0 N       1  --  H3
D4  : T  82.35c W  99.36c S -17.01c ( +3.1 L  +2.8) LCB -280.00c P  0.09% WF   0.5 PSV       0 N       1  --  D4
E3  : T  81.42c W  99.38c S -17.96c ( +2.4 L  +2.1) LCB -280.00c P  0.08% WF   0.5 PSV       0 N       1  --  E3
D3  : T  81.42c W  99.04c S -17.62c ( +2.6 L  +2.0) LCB -280.00c P  0.05% WF   0.3 PSV       0 N       1  --  D3
H2  : T  83.10c W  99.17c S -16.07c ( +3.5 L  +2.9) LCB -280.00c P  0.04% WF   0.3 PSV       0 N       1  --  H2
G2  : T  79.56c W  97.38c S -17.83c ( +2.2 L  +1.6) LCB -280.00c P  0.04% WF   0.2 PSV       0 N       1  --  G2
F2  : T  77.57c W  95.89c S -18.32c ( +1.8 L  +1.2) LCB -280.00c P  0.03% WF   0.2 PSV       0 N       1  --  F2
D8  : T  25.40c W  43.33c S -17.93c ( +0.7 L  -0.0) LCB -280.00c P  0.02% WF   0.1 PSV       0 N       1  --  D8

2022-01-27 16:46:17+0100: = F8
2022-01-27 16:46:32+0100: Controller: play black G7
2022-01-27 16:46:32+0100: = 
2022-01-27 16:46:32+0100: Controller: genmove white
2022-01-27 16:46:33+0100: MoveNum: 23 HASH: 6CC68F7F73024F0B1CCBB7E85B096178
   A B C D E F G H J
 9 . . . . . . . . .
 8 . . . @ X1O2. . .
 7 . X X X O X X3. .
 6 . X O O O O X . .
 5 . O O . X X X . .
 4 . . . . . O . X .
 3 . . O . . . O . .
 2 . . . . . . . . .
 1 . . . . . . . . .

koPOSITIONALscoreAREAtaxNONEsui1komi7.5
Time taken: 1.48551
Root visits: 299
New playouts: 295
NN rows: 268
NN batches: 90
NN avg batch size: 2.97778
PV: D8 E3 E2 F2 E4 F3 D4 G8 E9 G2 G4
Tree:
: T 108.21c W  99.51c S   8.86c (+21.3 L +22.0) N     299  --  D8 E3 E2 F2 E4 F3 D4
---White(^)---
D8  : T 108.56c W  99.62c S   9.19c (+21.5 L +22.1) LCB  106.15c P 99.82% WF 254.0 PSV     254 N     258  --  D8 E3 E2 F2 E4 F3 D4 G8
E4  : T  79.13c W  99.38c S -20.25c ( +4.3 L  +4.3) LCB -280.00c P  0.03% WF   0.2 PSV       0 N       1  --  E4
G8  : T  42.25c W  62.69c S -20.43c ( +1.7 L  +0.7) LCB -280.00c P  0.02% WF   0.1 PSV       0 N       1  --  G8
H3  : T  81.10c W  99.73c S -18.63c ( +5.9 L  +5.9) LCB -280.00c P  0.02% WF   0.2 PSV       0 N       1  --  H3
D4  : T  78.23c W  99.31c S -21.07c ( +3.3 L  +3.1) LCB -280.00c P  0.01% WF   0.2 PSV       0 N       1  --  D4
E3  : T  76.65c W  98.49c S -21.84c ( +2.3 L  +1.9) LCB -280.00c P  0.01% WF   0.1 PSV       0 N       1  --  E3
D3  : T  75.69c W  97.52c S -21.83c ( +2.3 L  +1.9) LCB -280.00c P  0.01% WF   0.1 PSV       0 N       1  --  D3
C8  : T -30.19c W  -6.26c S -23.93c ( -1.1 L  -1.6) LCB -280.00c P  0.01% WF   0.0 PSV       0 N       1  --  C8
B8  : T -45.06c W -21.13c S -23.93c ( -1.8 L  -1.8) LCB -280.00c P  0.00% WF   0.0 PSV       0 N       1  --  B8
H8  : T   6.76c W  29.11c S -22.34c ( -0.0 L  -0.3) LCB -280.00c P  0.00% WF   0.0 PSV       0 N       1  --  H8

2022-01-27 16:46:33+0100: = D8
2022-01-27 16:46:56+0100: Controller: play black E3
2022-01-27 16:46:56+0100: = 
2022-01-27 16:46:56+0100: Controller: genmove white
2022-01-27 16:46:56+0100: MoveNum: 25 HASH: D5C82DDB66F7C07731EB1E5D802F1281
   A B C D E F G H J
 9 . . . . . . . . .
 8 . . . O2X O . . .
 7 . X X X O X X1. .
 6 . X O O O O X . .
 5 . O O . X X X . .
 4 . . . . . O . X .
 3 . . O . X3. O . .
 2 . . . . @ . . . .
 1 . . . . . . . . .

koPOSITIONALscoreAREAtaxNONEsui1komi7.5
Time taken: 0.134567
Root visits: 258
New playouts: 29
NN rows: 21
NN batches: 8
NN avg batch size: 2.625
PV: E2 F2 E4 F3 D4 G8 E9 G2 G4
Tree:
: T 112.01c W  99.60c S  12.54c (+20.9 L +21.4) N     258  --  E2 F2 E4 F3 D4 G8 E9
---White(^)---
E2  : T 114.39c W  99.70c S  14.77c (+22.0 L +22.5) LCB  111.92c P 41.24% WF 119.6 PSV     186 N     116  --  E2 F2 E4 F3 D4 G8 E9 G2
E4  : T 110.67c W  99.48c S  11.42c (+20.3 L +21.1) LCB  106.46c P 49.74% WF  98.9 PSV      56 N     101  --  E4 D4 E2 D3 D2 F2 F3 D5
D2  : T 108.86c W  99.64c S   9.60c (+19.1 L +19.6) LCB  103.97c P  3.43% WF  23.8 PSV       3 N      27  --  D2 E2 E4 D4 D3 F3 E1 G4
F2  : T 105.18c W  99.41c S   6.09c (+17.7 L +18.0) LCB   93.75c P  2.22% WF  11.0 PSV       1 N      12  --  F2 D3 C2 G8 E9 E2
D3  : T 105.03c W  99.91c S   5.12c (+16.9 L +17.0) LCB -280.00c P  1.39% WF   1.0 PSV       0 N       1  --  D3

2022-01-27 16:46:56+0100: = E2
2022-01-27 16:47:35+0100: Controller: play black F2
2022-01-27 16:47:35+0100: = 
2022-01-27 16:47:35+0100: Controller: genmove white
2022-01-27 16:47:36+0100: MoveNum: 27 HASH: 179698E89CC06F11C3CD70F4AAC9DAC2
   A B C D E F G H J
 9 . . . . . . . . .
 8 . . . O X O . . .
 7 . X X X O X X . .
 6 . X O O O O X . .
 5 . O O . X X X . .
 4 . . . . . O . X .
 3 . . O . X1@ O . .
 2 . . . . O2X3. . .
 1 . . . . . . . . .

koPOSITIONALscoreAREAtaxNONEsui1komi7.5
Time taken: 0.633213
Root visits: 235
New playouts: 149
NN rows: 115
NN batches: 39
NN avg batch size: 2.94872
PV: F3 E4 D2 G8 E9 G2 H2 H3 G1 G4
Tree:
: T 109.17c W  99.32c S  10.53c (+19.9 L +20.5) N     235  --  F3 E4 D2 G8 E9 G2 H2
---White(^)---
F3  : T 111.63c W  99.59c S  12.25c (+20.9 L +21.4) LCB  108.09c P 34.23% WF  78.0 PSV     325 N      76  --  F3 E4 D2 G8 E9 G2 H2 H3
E4  : T 107.42c W  98.86c S   9.85c (+19.7 L +20.4) LCB  101.95c P 37.96% WF 105.7 PSV     108 N     109  --  E4 D4 D3 F3 G2 G4 D2 G8
D2  : T 109.43c W  99.88c S   9.74c (+18.9 L +19.2) LCB  105.77c P 23.81% WF  44.0 PSV      44 N      44  --  D2 G8 E9 F3 G9 D3 D4
D3  : T 104.60c W  99.60c S   5.16c (+17.1 L +17.5) LCB   90.79c P  1.97% WF   4.9 PSV       2 N       5  --  D3 E4 D2

2022-01-27 16:47:36+0100: = F3
2022-01-27 16:48:38+0100: Controller: play black E4
2022-01-27 16:48:38+0100: = 
2022-01-27 16:48:38+0100: Controller: genmove white
2022-01-27 16:48:39+0100: MoveNum: 29 HASH: 7533C9FFBF733DEE0A92EBA546913F5A
   A B C D E F G H J
 9 . . . . . . . . .
 8 . . . O X O . . .
 7 . X X X O X X . .
 6 . X O O O O X . .
 5 . O O . X X X . .
 4 . . . . X3O . X .
 3 . . O . X O2O . .
 2 . . . @ O X1. . .
 1 . . . . . . . . .

koPOSITIONALscoreAREAtaxNONEsui1komi7.5
Time taken: 0.988232
Root visits: 247
New playouts: 218
NN rows: 178
NN batches: 60
NN avg batch size: 2.96667
PV: D2 G8 E9 G2 H2 H3 G1 G4 F1 D3 C2 J2
Tree:
: T 112.25c W  99.50c S  12.23c (+19.5 L +20.3) N     247  --  D2 G8 E9 G2 H2 H3 G1
---White(^)---
D2  : T 113.92c W  99.77c S  13.97c (+19.7 L +20.0) LCB  112.13c P 53.92% WF 107.3 PSV     131 N     105  --  D2 G8 E9 G2 H2 H3 G1 G4
G2  : T 111.07c W  99.23c S  11.50c (+19.5 L +20.8) LCB  107.78c P 37.38% WF  72.5 PSV      39 N      74  --  G2 D2 F1 D3 H3 C8 E9 A8
F1  : T 111.93c W  99.38c S  12.03c (+19.7 L +20.9) LCB  108.64c P  7.68% WF  47.7 PSV       9 N      49  --  F1 D2 G2 D3 H3 H1 H2 B3
E1  : T 107.17c W  99.33c S   7.85c (+17.4 L +18.2) LCB   97.55c P  0.30% WF  11.1 PSV       0 N      16  --  E1 D2 G2 D3 H3
H3  : T  85.58c W  99.01c S -13.43c ( +6.8 L  +5.9) LCB -280.00c P  0.12% WF   0.6 PSV       0 N       1  --  H3
C2  : T  89.57c W  99.61c S -10.04c ( +9.5 L  +9.3) LCB -280.00c P  0.11% WF   0.6 PSV       0 N       1  --  C2

2022-01-27 16:48:39+0100: = D2
2022-01-27 16:48:43+0100: Controller: play black G2
2022-01-27 16:48:43+0100: = 
2022-01-27 16:48:43+0100: Controller: genmove white
2022-01-27 16:48:44+0100: MoveNum: 31 HASH: 19A964E4638E6689D99B870ED9072F3E
   A B C D E F G H J
 9 . . . . . . . . .
 8 . . . O X O @ . .
 7 . X X X O X X . .
 6 . X O O O O X . .
 5 . O O . X X X . .
 4 . . . . X1O . X .
 3 . . O . X O O . .
 2 . . . O2O X X3. .
 1 . . . . . . . . .

koPOSITIONALscoreAREAtaxNONEsui1komi7.5
Time taken: 0.804467
Root visits: 247
New playouts: 237
NN rows: 145
NN batches: 49
NN avg batch size: 2.95918
PV: G8 D3 C2 H8 H9 J8 H2
Tree:
: T 113.22c W  99.74c S  13.29c (+20.5 L +20.9) N     247  --  G8 D3 C2 H8 H9 J8 H2
---White(^)---
G8  : T 116.76c W  99.73c S  16.66c (+22.1 L +22.6) LCB  114.99c P 52.00% WF  93.1 PSV     570 N      89  --  G8 D3 C2 H8 H9 J8 H2
H2  : T 112.06c W  99.69c S  12.13c (+20.0 L +20.4) LCB  110.29c P 34.49% WF  98.4 PSV     100 N     101  --  H2 G8 E9 H3 F1 G4 G1 D3
E9  : T 110.34c W  99.84c S  10.64c (+19.1 L +19.4) LCB  107.75c P  7.16% WF  32.3 PSV      11 N      34  --  E9 G8 H2 H3 F1 G4 G1
F1  : T 105.07c W  99.84c S   5.43c (+17.1 L +17.4) LCB   92.58c P  3.04% WF   9.3 PSV       2 N      10  --  F1 G8 E9 H2 G9 H9 F9
G9  : T 107.43c W  99.82c S   7.36c (+17.8 L +18.4) LCB  101.94c P  0.45% WF   8.4 PSV       0 N      12  --  G9 D3 C2 G8

2022-01-27 16:48:44+0100: = G8
2022-01-27 16:48:47+0100: Controller: play black H8
2022-01-27 16:48:47+0100: = 
2022-01-27 16:48:47+0100: Controller: genmove white
2022-01-27 16:48:48+0100: MoveNum: 33 HASH: BD52376933A6B89ED6FC77498C2FCA97
   A B C D E F G H J
 9 . . . . . . . @ .
 8 . . . O X O O2X3.
 7 . X X X O X X . .
 6 . X O O O O X . .
 5 . O O . X X X . .
 4 . . . . X O . X .
 3 . . O . X O O . .
 2 . . . O O X X1. .
 1 . . . . . . . . .

koPOSITIONALscoreAREAtaxNONEsui1komi7.5
Time taken: 0.952986
Root visits: 247
New playouts: 223
NN rows: 176
NN batches: 59
NN avg batch size: 2.98305
PV: H9 J7 H2 H3 G1 G4 F1 D3 C2
Tree:
: T 113.90c W  99.62c S  13.85c (+22.1 L +22.6) N     247  --  H9 J7 H2 H3 G1 G4 F1
---White(^)---
H9  : T 115.22c W  99.59c S  15.19c (+22.7 L +23.2) LCB  113.52c P 56.08% WF 131.1 PSV     129 N     130  --  H9 J7 H2 H3 G1 G4 F1 D3
H2  : T 114.26c W  99.59c S  14.04c (+22.2 L +22.7) LCB  111.78c P 30.86% WF  78.0 PSV      52 N      78  --  H2 G9 E9 H3 G1 G4 F1 D3
E9  : T 108.14c W  99.85c S   8.08c (+19.3 L +19.4) LCB  105.54c P  6.82% WF  19.7 PSV       4 N      21  --  E9 D3 C2 F1 H9
F1  : T 108.25c W  99.74c S   8.38c (+19.5 L +19.9) LCB  100.99c P  2.80% WF  10.4 PSV       1 N      11  --  F1 G9 E9 H2 H9 J9
H7  : T 106.84c W  99.71c S   6.71c (+18.9 L +19.4) LCB   81.92c P  0.38% WF   4.2 PSV       0 N       6  --  H7 H9 H2 H3 G1

2022-01-27 16:48:48+0100: = H9
2022-01-27 16:48:55+0100: Controller: play black J8
2022-01-27 16:48:55+0100: = 
2022-01-27 16:48:55+0100: Controller: genmove white
2022-01-27 16:48:56+0100: MoveNum: 35 HASH: 433836FF609EF10FE7EE69BE14D78226
   A B C D E F G H J
 9 . . . . . . . O2.
 8 . . . O X O O X1X3
 7 . X X X O X X . .
 6 . X O O O O X . .
 5 . O O . X X X . .
 4 . . . . X O . X .
 3 . . O . X O O . .
 2 . . . O O X X @ .
 1 . . . . . . . . .

koPOSITIONALscoreAREAtaxNONEsui1komi7.5
Time taken: 0.916637
Root visits: 235
New playouts: 220
NN rows: 168
NN batches: 56
NN avg batch size: 3
PV: H2 H3 G1 G4 F1 D3 C2 J2 H1
Tree:
: T 115.05c W  99.58c S  14.74c (+22.9 L +23.6) N     235  --  H2 H3 G1 G4 F1 D3 C2
---White(^)---
H2  : T 116.69c W  99.50c S  16.17c (+23.7 L +24.4) LCB  114.71c P 70.03% WF 149.6 PSV     147 N     148  --  H2 H3 G1 G4 F1 D3 C2 J2
H7  : T 114.12c W  99.58c S  14.02c (+22.6 L +23.3) LCB  109.96c P 13.16% WF  37.3 PSV      13 N      38  --  H7 H6 H2 H3 F1 G4
F1  : T 110.57c W  99.76c S  10.67c (+21.0 L +21.5) LCB  104.96c P  5.57% WF  22.8 PSV       3 N      24  --  F1 H2 D3 G1 E1 J9
E9  : T 108.59c W  99.89c S   8.43c (+19.9 L +20.0) LCB   99.43c P  3.37% WF   7.6 PSV       1 N       8  --  E9 F1 E1 H3
D3  : T 110.22c W  99.86c S  10.43c (+20.6 L +20.6) LCB  107.02c P  0.98% WF  11.5 PSV       0 N      15  --  D3 F1 E1 H3 D4
J7  : T 107.88c W  99.93c S   7.96c (+19.8 L +20.5) LCB -280.00c P  1.03% WF   1.0 PSV       0 N       1  --  J7

2022-01-27 16:48:56+0100: = H2
2022-01-27 16:48:59+0100: Controller: play black H3
2022-01-27 16:48:59+0100: = 
2022-01-27 16:48:59+0100: Controller: genmove white
2022-01-27 16:49:00+0100: MoveNum: 37 HASH: 628647026FFE3244AD0E6AC94AD55B2F
   A B C D E F G H J
 9 . . . . . . . O .
 8 . . . O X O O X X1
 7 . X X X O X X . .
 6 . X O O O O X . .
 5 . O O . X X X . .
 4 . . . . X O . X .
 3 . . O . X O O X3.
 2 . . . O O X X O2.
 1 . . . . . . @ . .

koPOSITIONALscoreAREAtaxNONEsui1komi7.5
Time taken: 0.511866
Root visits: 231
New playouts: 162
NN rows: 95
NN batches: 32
NN avg batch size: 2.96875
PV: G1 G4 F1 D3 C2 J2 H1
Tree:
: T 115.55c W  99.45c S  15.30c (+23.5 L +24.2) N     231  --  G1 G4 F1 D3 C2 J2 H1
---White(^)---
G1  : T 116.05c W  99.43c S  15.86c (+23.7 L +24.5) LCB  113.72c P 47.28% WF 102.4 PSV     102 N     102  --  G1 G4 F1 D3 C2 J2 H1
F1  : T 116.00c W  99.43c S  15.61c (+23.7 L +24.4) LCB  113.22c P 31.13% WF  96.4 PSV      66 N      97  --  F1 G4 G1 D3 C2 J2 H1
H7  : T 113.08c W  99.55c S  12.93c (+22.3 L +23.1) LCB  108.40c P 12.13% WF  27.2 PSV      11 N      28  --  H7 J7 G1 G4
H1  : T 104.39c W  99.68c S   4.71c (+18.8 L +19.7) LCB -280.00c P  2.04% WF   0.9 PSV       0 N       1  --  H1
E9  : T 105.54c W  99.98c S   5.55c (+19.1 L +19.5) LCB -280.00c P  1.85% WF   1.0 PSV       0 N       1  --  E9
E1  : T 106.96c W  99.93c S   7.03c (+19.7 L +20.5) LCB -280.00c P  0.98% WF   1.0 PSV       0 N       1  --  E1

2022-01-27 16:49:00+0100: = G1
2022-01-27 16:49:03+0100: Controller: play black G4
2022-01-27 16:49:03+0100: = 
2022-01-27 16:49:03+0100: Controller: genmove white
2022-01-27 16:49:03+0100: MoveNum: 39 HASH: 6DD5020A8B5FD42D0BC77DE12FE478B8
   A B C D E F G H J
 9 . . . . . . . O .
 8 . . . O X O O X X
 7 . X X X O X X . .
 6 . X O O O O X . .
 5 . O O . X X X . .
 4 . . . . X . X3X .
 3 . . O . X . . X1.
 2 . . . O O X X O .
 1 . . . . . @ O2. .

koPOSITIONALscoreAREAtaxNONEsui1komi7.5
Time taken: 0.789407
Root visits: 238
New playouts: 196
NN rows: 144
NN batches: 48
NN avg batch size: 3
PV: F1 J2 H1 D3 C2 J9 E9
Tree:
: T 116.26c W  99.53c S  15.96c (+24.1 L +24.7) N     238  --  F1 J2 H1 D3 C2 J9 E9
---White(^)---
F1  : T 117.03c W  99.59c S  16.79c (+24.4 L +25.0) LCB  115.76c P 87.51% WF 224.1 PSV     223 N     224  --  F1 J2 H1 D3 C2 J9 E9
H7  : T 105.77c W  98.16c S   6.61c (+20.3 L +21.8) LCB   69.50c P  4.97% WF   6.4 PSV       2 N       7  --  H7 C8 E9 D3
E9  : T  99.18c W  99.91c S  -0.73c (+17.3 L +17.4) LCB -280.00c P  2.82% WF   0.9 PSV       0 N       1  --  E9
J7  : T  96.59c W  98.60c S  -2.02c (+16.1 L +17.5) LCB -280.00c P  0.75% WF   0.9 PSV       0 N       1  --  J7
E1  : T  99.18c W  99.65c S  -0.48c (+17.3 L +18.4) LCB -280.00c P  0.51% WF   0.9 PSV       0 N       1  --  E1
F3  : T  99.03c W  99.42c S  -0.39c (+17.3 L +18.2) LCB -280.00c P  0.50% WF   0.9 PSV       0 N       1  --  F3
D3  : T  92.93c W  95.34c S  -2.41c (+16.2 L +17.5) LCB -280.00c P  0.41% WF   0.9 PSV       0 N       1  --  D3
H1  : T  95.17c W  98.94c S  -3.78c (+15.8 L +16.5) LCB -280.00c P  0.34% WF   0.9 PSV       0 N       1  --  H1

2022-01-27 16:49:03+0100: = F1
2022-01-27 16:49:06+0100: Controller: play black J2
2022-01-27 16:49:06+0100: = 
2022-01-27 16:49:06+0100: Controller: genmove white
2022-01-27 16:49:07+0100: MoveNum: 41 HASH: 78672E40BF9CCD012019F96C636B9FCA
   A B C D E F G H J
 9 . . . . . . . O .
 8 . . . O X O O X X
 7 . X X X O X X . .
 6 . X O O O O X . .
 5 . O O . X X X . .
 4 . . . . X . X1X .
 3 . . O . X . . X .
 2 . . . O O X X O X3
 1 . . . . . O2O @ .

koPOSITIONALscoreAREAtaxNONEsui1komi7.5
Time taken: 0.997622
Root visits: 238
New playouts: 183
NN rows: 171
NN batches: 58
NN avg batch size: 2.94828
PV: H1 D3 C2 J9 E9 G9 C4
Tree:
: T 116.36c W  99.52c S  16.16c (+24.0 L +24.6) N     238  --  H1 D3 C2 J9 E9 G9 C4
---White(^)---
H1  : T 117.90c W  99.62c S  17.83c (+24.7 L +25.3) LCB  116.54c P 72.30% WF 158.4 PSV     156 N     157  --  H1 D3 C2 J9 E9 G9 C4
H7  : T 114.25c W  99.00c S  13.65c (+23.2 L +24.2) LCB  107.85c P  9.51% WF  41.2 PSV       8 N      45  --  H7 H6 H1 E9 D9 C8 F9 D3
E9  : T 110.48c W  99.81c S  10.39c (+21.1 L +21.3) LCB  108.52c P  6.18% WF  11.3 PSV       3 N      12  --  E9 D3 C2 H1
D3  : T 112.46c W  99.55c S  12.29c (+22.1 L +22.5) LCB  106.37c P  2.83% WF  15.5 PSV       2 N      17  --  D3 H1 E1 D4 C4
E1  : T 111.54c W  99.80c S  11.95c (+21.8 L +22.3) LCB   93.31c P  1.47% WF   4.8 PSV       1 N       5  --  E1 D3 C2
J7  : T 107.24c W  98.99c S   8.25c (+20.7 L +21.9) LCB -280.00c P  1.15% WF   1.0 PSV       0 N       1  --  J7

2022-01-27 16:49:07+0100: = H1
2022-01-27 16:49:10+0100: Controller: play black D4
2022-01-27 16:49:10+0100: = 
2022-01-27 16:49:10+0100: Controller: genmove white
2022-01-27 16:49:11+0100: MoveNum: 43 HASH: 821B0054FB344F9648B8E5FF4446D6D6
   A B C D E F G H J
 9 . . . . @ . . O .
 8 . . . O X O O X X
 7 . X X X O X X . .
 6 . X O O O O X . .
 5 . O O . X X X . .
 4 . . . X3X . X X .
 3 . . O . X . . X .
 2 . . . O O X X O X1
 1 . . . . . O O O2.

koPOSITIONALscoreAREAtaxNONEsui1komi7.5
Time taken: 1.11054
Root visits: 238
New playouts: 238
NN rows: 198
NN batches: 67
NN avg batch size: 2.95522
PV: E9 G9 C4 J9 D3 H7
Tree:
: T 114.43c W  99.59c S  14.47c (+24.9 L +25.4) N     238  --  E9 G9 C4 J9 D3 H7
---White(^)---
E9  : T 116.03c W  99.82c S  15.96c (+25.3 L +25.5) LCB  114.87c P 25.91% WF  56.0 PSV      88 N      55  --  E9 G9 C4 J9 D3 H7
C4  : T 116.05c W  99.81c S  16.19c (+25.5 L +25.7) LCB  114.46c P 38.97% WF  62.1 PSV      61 N      61  --  C4 J9 E9 G9 D3 H7 D5
H7  : T 113.31c W  99.37c S  13.47c (+24.7 L +25.7) LCB  109.46c P 10.04% WF  42.9 PSV       8 N      45  --  H7 C4 B4 D3 C2 H6
D3  : T 112.79c W  99.40c S  12.74c (+24.3 L +25.2) LCB  109.49c P  4.26% WF  36.7 PSV       3 N      41  --  D3 C4 B4 J9 E9 G9 F9 H7
E1  : T 112.63c W  99.73c S  12.77c (+24.1 L +24.6) LCB  109.48c P  1.86% WF  19.2 PSV       1 N      21  --  E1 C4 B4 J9 E9
F3  : T 111.30c W  98.91c S  12.45c (+24.3 L +25.1) LCB   95.14c P  2.32% WF   8.8 PSV       1 N       9  --  F3 C4 B4 G3 E9
B4  : T 115.69c W  99.88c S  14.66c (+24.9 L +25.1) LCB -280.00c P  1.42% WF   2.0 PSV       1 N       2  --  B4 D3
G9  : T  95.57c W  91.57c S   4.00c (+20.6 L +22.7) LCB -280.00c P  5.21% WF   0.9 PSV       1 N       1  --  G9
G3  : T 108.90c W  99.10c S  10.56c (+23.5 L +24.9) LCB -280.00c P  1.76% WF   1.9 PSV       0 N       2  --  G3 C4

2022-01-27 16:49:11+0100: = E9
2022-01-27 16:49:12+0100: Controller: play black C4
2022-01-27 16:49:12+0100: = 
2022-01-27 16:49:12+0100: Controller: genmove white
2022-01-27 16:49:13+0100: MoveNum: 45 HASH: 8F85076A4929F46740FB6192FF7BD324
   A B C D E F G H J
 9 . . . . O2. . O .
 8 . . . O . O O X X
 7 . X X X O X X . .
 6 . X O O O O X . .
 5 . O O . X X X . .
 4 . @ X3X1X . X X .
 3 . . O . X . . X .
 2 . . . O O X X O X
 1 . . . . . O O O .

koPOSITIONALscoreAREAtaxNONEsui1komi7.5
Time taken: 0.969131
Root visits: 234
New playouts: 212
NN rows: 179
NN batches: 60
NN avg batch size: 2.98333
PV: B4 G9 F9 D3 C2 H7 D5 J3
Tree:
: T 116.25c W  99.55c S  16.37c (+24.8 L +24.9) N     234  --  B4 G9 F9 D3 C2 H7 D5
---White(^)---
B4  : T 117.40c W  99.83c S  17.54c (+25.2 L +25.3) LCB  116.72c P 92.69% WF 202.9 PSV     201 N     201  --  B4 G9 F9 D3 C2 H7 D5 J3
B3  : T 109.90c W  99.77c S   9.96c (+22.1 L +22.6) LCB  103.19c P  6.50% WF  19.4 PSV       3 N      21  --  B3 B4 A4 G9 F9 D3
A4  : T  78.58c W  85.12c S  -6.54c (+13.9 L +15.2) LCB -280.00c P  0.29% WF   0.8 PSV       0 N       1  --  A4
A3  : T  99.98c W  99.44c S   0.53c (+18.5 L +19.4) LCB -280.00c P  0.22% WF   0.9 PSV       0 N       1  --  A3
B2  : T  56.72c W  68.98c S -12.26c ( +9.9 L +11.0) LCB -280.00c P  0.04% WF   0.2 PSV       0 N       1  --  B2
A5  : T -80.26c W -55.36c S -24.90c ( -4.0 L  -4.4) LCB -280.00c P  0.03% WF   0.1 PSV       0 N       1  --  A5
A6  : T -97.93c W -71.37c S -26.55c ( -6.2 L  -7.8) LCB -280.00c P  0.02% WF   0.0 PSV       0 N       1  --  A6
H7  : T -76.00c W -51.52c S -24.48c ( -1.7 L  -2.3) LCB -280.00c P  0.02% WF   0.0 PSV       0 N       1  --  H7
E1  : T -106.73c W -80.87c S -25.85c ( -5.2 L  -9.8) LCB -280.00c P  0.02% WF   0.0 PSV       0 N       1  --  E1
F3  : T  36.97c W  51.69c S -14.72c ( +6.6 L  +6.8) LCB -280.00c P  0.02% WF   0.1 PSV       0 N       1  --  F3

2022-01-27 16:49:13+0100: = B4
2022-01-27 16:49:13+0100: Controller: play black D3
2022-01-27 16:49:13+0100: = 
2022-01-27 16:49:13+0100: Controller: genmove white
2022-01-27 16:49:13+0100: MoveNum: 47 HASH: 13679DF9740E09ACBEFB0BD54FC3002F
   A B C D E F G H J
 9 . . . . O . . O .
 8 . . . O . O O X X
 7 . X X X O X X . .
 6 . X O O O O X . .
 5 . O O . X X X . .
 4 . O2X1X X . X X .
 3 . . O X3X . . X .
 2 . . @ O O X X O X
 1 . . . . . O O O .

koPOSITIONALscoreAREAtaxNONEsui1komi7.5
Time taken: 0.505887
Root visits: 234
New playouts: 164
NN rows: 92
NN batches: 32
NN avg batch size: 2.875
PV: C2 H7 E1 J3 J1
Tree:
: T 116.99c W  99.84c S  17.23c (+25.0 L +25.0) N     234  --  C2 H7 E1 J3 J1
---White(^)---
C2  : T 117.23c W  99.85c S  17.47c (+25.0 L +25.0) LCB  116.75c P 54.82% WF 117.2 PSV     210 N     117  --  C2 H7 E1 J3 J1
B2  : T 117.42c W  99.87c S  17.68c (+25.1 L +25.2) LCB  115.86c P 34.21% WF  91.4 PSV      57 N      91  --  B2 H7 G9 J3 J9
B3  : T 115.53c W  99.85c S  15.80c (+24.2 L +24.1) LCB  113.87c P  6.40% WF  21.6 PSV       8 N      22  --  B3 H7 C2 J3
F3  : T 101.11c W  98.46c S   4.51c (+19.9 L +21.4) LCB -280.00c P  2.39% WF   1.8 PSV       0 N       2  --  F3 C2
G3  : T 108.44c W  99.64c S   8.80c (+21.7 L +22.8) LCB -280.00c P  1.08% WF   1.0 PSV       0 N       1  --  G3

2022-01-27 16:49:13+0100: = C2
2022-01-27 16:49:14+0100: Controller: play black D5
2022-01-27 16:49:14+0100: = 
2022-01-27 16:49:14+0100: Controller: genmove white
2022-01-27 16:49:15+0100: MoveNum: 49 HASH: 4E7443CFD24A80F815832492ABBDD028
   A B C D E F G H J
 9 . . . . O . @ O .
 8 . . . O . O O X X
 7 . X X X O X X . .
 6 . X O O O O X . .
 5 . O O X3X X X . .
 4 . O X X X . X X .
 3 . . O X1X . . X .
 2 . . O2O O X X O X
 1 . . . . . O O O .

koPOSITIONALscoreAREAtaxNONEsui1komi7.5
Time taken: 0.77677
Root visits: 232
New playouts: 207
NN rows: 143
NN batches: 48
NN avg batch size: 2.97917
PV: G9 H7 E1 J9 C8 J3 J1
Tree:
: T 117.22c W  99.86c S  17.42c (+24.9 L +24.9) N     232  --  G9 H7 E1 J9 C8 J3 J1
---White(^)---
G9  : T 117.52c W  99.86c S  17.62c (+25.0 L +25.0) LCB  116.69c P 34.78% WF  64.2 PSV      92 N      64  --  G9 H7 E1 J9 C8 J3 J1
E1  : T 117.28c W  99.86c S  17.44c (+25.0 L +25.0) LCB  116.17c P 29.72% WF  61.0 PSV      51 N      61  --  E1 H7 G9 J9 J1 J3 C8
C8  : T 116.48c W  99.84c S  16.79c (+24.6 L +24.4) LCB  115.10c P  4.42% WF  22.5 PSV       6 N      23  --  C8 H7 E1 J9 G9 J3
H7  : T 118.08c W  99.81c S  18.31c (+25.4 L +25.2) LCB  115.63c P  2.54% WF  21.2 PSV       4 N      21  --  H7 H6 G9 J7 J9
F3  : T 117.26c W  99.88c S  17.53c (+24.9 L +25.1) LCB  113.63c P  3.17% WF  14.0 PSV       4 N      14  --  F3 G3 G9 H7 J9
J3  : T 117.46c W  99.86c S  17.75c (+25.1 L +25.2) LCB  113.72c P  2.51% WF  14.0 PSV       3 N      14  --  J3 J4 G9 J3 E1
B3  : T 116.29c W  99.86c S  16.54c (+24.5 L +24.4) LCB  111.76c P  2.60% WF   9.9 PSV       3 N      10  --  B3 H7 E1 J3
G3  : T 117.39c W  99.82c S  17.79c (+25.1 L +25.1) LCB  112.88c P  2.04% WF  10.0 PSV       2 N      10  --  G3 F3 G9 H7 J9
E8  : T 115.39c W  99.90c S  15.68c (+24.0 L +24.3) LCB  109.88c P  2.57% WF   6.9 PSV       2 N       7  --  E8 H7 E1
A6  : T 115.76c W  99.90c S  15.93c (+24.2 L +24.5) LCB  109.65c P  2.01% WF   6.9 PSV       2 N       7  --  A6 H7 E1

2022-01-27 16:49:15+0100: = G9
2022-01-27 16:49:15+0100: Controller: play black H7
2022-01-27 16:49:15+0100: = 
2022-01-27 16:49:15+0100: Controller: genmove white
2022-01-27 16:49:16+0100: MoveNum: 51 HASH: D6FE12ED7FD10D0F5592B4C6B5935B94
   A B C D E F G H J
 9 . . . . O . O2O .
 8 . . . O . O O X X
 7 . X X X O X X X3.
 6 . X O O O O X . .
 5 . O O X1X X X . .
 4 . O X X X . X X .
 3 . . O X X . . X .
 2 . . O O O X X O X
 1 . . . . @ O O O .

koPOSITIONALscoreAREAtaxNONEsui1komi7.5
Time taken: 0.638143
Root visits: 232
New playouts: 199
NN rows: 117
NN batches: 40
NN avg batch size: 2.925
PV: E1 J9 J1 J3 A6 pass
Tree:
: T 117.54c W  99.83c S  17.70c (+24.8 L +24.7) N     232  --  E1 J9 J1 J3 A6 pass
---White(^)---
E1  : T 117.58c W  99.85c S  17.64c (+24.8 L +24.6) LCB  117.05c P 27.10% WF  63.9 PSV     120 N      64  --  E1 J9 J1 J3 A6 pass
J9  : T 117.66c W  99.82c S  17.86c (+24.9 L +24.7) LCB  115.66c P 38.91% WF  53.8 PSV      54 N      55  --  J9 J3 E1 J1 B8 pass C8
J3  : T 118.16c W  99.85c S  18.32c (+25.2 L +25.1) LCB  114.08c P  3.81% WF  16.1 PSV       8 N      16  --  J3 J4 J9 J3 E1 J1 C8
C8  : T 117.40c W  99.83c S  17.65c (+24.8 L +24.6) LCB  116.32c P  3.18% WF  24.7 PSV       7 N      25  --  C8 J9 E1 J3 J1 pass
F3  : T 117.71c W  99.86c S  17.86c (+24.9 L +24.9) LCB  115.68c P  4.15% WF  16.0 PSV       7 N      16  --  F3 G3 J9 J3 E1 J1 C8
A6  : T 117.47c W  99.82c S  17.70c (+24.8 L +24.6) LCB  116.28c P  2.41% WF  21.9 PSV       5 N      22  --  A6 J9 E1 J3 J1 pass
B3  : T 117.00c W  99.83c S  17.13c (+24.5 L +24.4) LCB  114.64c P  2.64% WF  13.8 PSV       5 N      14  --  B3 J9 E1 J3 J1 pass
G3  : T 117.53c W  99.82c S  17.93c (+24.9 L +25.0) LCB  112.62c P  1.89% WF   7.0 PSV       3 N       7  --  G3 F3 J9 J3 E1
B8  : T 116.98c W  99.82c S  17.15c (+24.5 L +24.5) LCB  110.81c P  1.76% WF   6.0 PSV       3 N       6  --  B8 J3 J9 J1
E8  : T 116.34c W  99.87c S  16.39c (+24.2 L +24.3) LCB  109.19c P  1.87% WF   5.9 PSV       2 N       6  --  E8 J3 J9

2022-01-27 16:49:16+0100: = E1
2022-01-27 16:49:16+0100: Controller: play black J3
2022-01-27 16:49:16+0100: = 
2022-01-27 16:49:16+0100: Controller: genmove white
2022-01-27 16:49:16+0100: MoveNum: 53 HASH: 0F519FED35EED8FB802BBF18D7F69C4C
   A B C D E F G H J
 9 . . . . O . O O @
 8 . . . O . O O X X
 7 . X X X O X X X1.
 6 . X O O O O X . .
 5 . O O X X X X . .
 4 . O X X X . X X .
 3 . . O X X . . X X3
 2 . . O O O X X O X
 1 . . . . O2O O O .

koPOSITIONALscoreAREAtaxNONEsui1komi7.5
Time taken: 0.510464
Root visits: 215
New playouts: 190
NN rows: 93
NN batches: 32
NN avg batch size: 2.90625
PV: J9 J1 C8 F3 B8 pass
Tree:
: T 117.50c W  99.87c S  17.70c (+24.8 L +24.7) N     215  --  J9 J1 C8 F3 B8 pass
---White(^)---
J9  : T 117.75c W  99.87c S  17.93c (+24.9 L +24.9) LCB  117.00c P 32.40% WF  46.1 PSV      46 N      46  --  J9 J1 C8 F3 B8 pass
J1  : T 117.48c W  99.85c S  17.66c (+24.8 L +24.7) LCB  116.99c P 32.17% WF  39.0 PSV      39 N      39  --  J1 J9 C8 pass B8
C8  : T 117.46c W  99.89c S  17.68c (+24.8 L +24.8) LCB  116.68c P  3.41% WF  24.8 PSV       4 N      25  --  C8 J9 J1 pass B8
F3  : T 117.62c W  99.88c S  17.72c (+24.8 L +24.8) LCB  115.29c P  3.73% WF  13.0 PSV       4 N      13  --  F3 G3 J1 J9 C8 F4
A6  : T 117.30c W  99.88c S  17.52c (+24.7 L +24.7) LCB  116.39c P  2.87% WF  17.8 PSV       3 N      18  --  A6 J1 J9 pass B8
B3  : T 117.22c W  99.85c S  17.53c (+24.7 L +24.5) LCB  115.82c P  2.80% WF  16.8 PSV       3 N      17  --  B3 J1 J9 pass C8
B8  : T 117.51c W  99.88c S  17.66c (+24.8 L +24.7) LCB  116.38c P  2.11% WF  17.0 PSV       2 N      17  --  B8 J1 J9 pass C8
A7  : T 117.37c W  99.83c S  17.64c (+24.8 L +24.6) LCB  115.83c P  2.04% WF  13.9 PSV       2 N      14  --  A7 J9 J1 pass A6
D9  : T 117.18c W  99.85c S  17.48c (+24.7 L +24.5) LCB  114.97c P  2.15% WF  11.9 PSV       2 N      12  --  D9 J9 J1 pass A6
G3  : T 117.61c W  99.89c S  17.75c (+24.8 L +24.9) LCB  113.91c P  2.38% WF   9.0 PSV       2 N       9  --  G3 F3 J1 J9 C8

2022-01-27 16:49:16+0100: = J9
2022-01-27 16:49:17+0100: Controller: play black J1
2022-01-27 16:49:17+0100: = 
2022-01-27 16:49:17+0100: Controller: genmove white
2022-01-27 16:49:17+0100: MoveNum: 55 HASH: 119D2CC794D6F7E1046C21ACB9926F6B
   A B C D E F G H J
 9 . . . . O . O O O2
 8 . . . O . O O X X
 7 . X X X O X X X .
 6 @ X O O O O X . .
 5 . O O X X X X . .
 4 . O X X X . X X .
 3 . . O X X . . X X1
 2 . . O O O X X O X
 1 . . . . O O O O X3

koPOSITIONALscoreAREAtaxNONEsui1komi7.5
Time taken: 0.642834
Root visits: 215
New playouts: 179
NN rows: 118
NN batches: 40
NN avg batch size: 2.95
PV: A6 F3 A7 pass B8
Tree:
: T 117.74c W  99.89c S  17.87c (+24.8 L +24.7) N     215  --  A6 F3 A7 pass B8
---White(^)---
A6  : T 117.79c W  99.90c S  17.94c (+24.8 L +24.8) LCB  117.46c P 13.65% WF  42.0 PSV      47 N      42  --  A6 F3 A7 pass B8
C8  : T 117.85c W  99.90c S  18.00c (+24.8 L +24.8) LCB  117.46c P 12.89% WF  40.0 PSV      40 N      40  --  C8 F3 A6 pass B8
B8  : T 117.82c W  99.90c S  17.96c (+24.8 L +24.8) LCB  117.35c P  9.61% WF  32.0 PSV      30 N      32  --  B8 G3 A7 pass C8
A7  : T 117.62c W  99.87c S  17.81c (+24.7 L +24.6) LCB  117.07c P  7.53% WF  21.0 PSV      21 N      21  --  A7 F3 A6 pass
B3  : T 117.80c W  99.88c S  17.82c (+24.7 L +24.6) LCB  116.83c P  6.00% WF  20.0 PSV      19 N      20  --  B3 F3 C8 pass
E8  : T 117.61c W  99.90c S  17.67c (+24.7 L +24.6) LCB  116.16c P  4.78% WF  13.0 PSV      13 N      13  --  E8 F3 C8 pass
D9  : T 117.22c W  99.94c S  17.37c (+24.5 L +24.7) LCB  116.21c P  5.22% WF  11.9 PSV      12 N      12  --  D9 pass A6
F9  : T 117.42c W  99.85c S  17.47c (+24.6 L +24.5) LCB  112.41c P  2.55% WF   6.0 PSV       6 N       6  --  F9 pass C8
B2  : T 117.92c W  99.87c S  18.04c (+24.9 L +24.6) LCB  103.96c P  2.37% WF   5.0 PSV       5 N       5  --  B2 pass A6
D1  : T 118.01c W  99.83c S  17.93c (+24.8 L +24.6) LCB  108.69c P  2.29% WF   5.0 PSV       5 N       5  --  D1 pass C8

2022-01-27 16:49:17+0100: = A6
2022-01-27 16:49:18+0100: Controller: play black pass
2022-01-27 16:49:18+0100: = 
2022-01-27 16:49:18+0100: Controller: final_score
2022-01-27 16:49:20+0100: = W+24.5
2022-01-27 16:49:20+0100: Controller: genmove white
2022-01-27 16:49:20+0100: MoveNum: 57 HASH: 8A8B4FEC9881A8F93C36FE9B4A6A3512
   A B C D E F G H J
 9 . . . . O . O O O
 8 . @ . O . O O X X
 7 . X X X O X X X .
 6 O2X O O O O X . .
 5 . O O X X X X . .
 4 . O X X X . X X .
 3 . . O X X . . X X
 2 . . O O O X X O X
 1 . . . . O O O O X1

koPOSITIONALscoreAREAtaxNONEsui1komi7.5
Time taken: 0.152046
Root visits: 110
New playouts: 110
NN rows: 30
NN batches: 10
NN avg batch size: 3
PV: B8 F3 A7 pass C8 pass
Tree:
: T 117.08c W  99.90c S  17.19c (+24.8 L +24.8) N     110  --  B8 F3 A7 pass C8 pass
---White(^)---
B8  : T 117.28c W  99.89c S  17.41c (+24.9 L +24.8) LCB  116.88c P 15.70% WF  25.0 PSV      42 N      25  --  B8 F3 A7 pass C8 pass
C8  : T 117.23c W  99.91c S  17.34c (+24.9 L +24.9) LCB  116.71c P 13.68% WF  25.0 PSV      22 N      25  --  C8 F3 B8 pass A7
A7  : T 117.13c W  99.90c S  17.20c (+24.8 L +24.8) LCB  116.53c P 13.70% WF  24.0 PSV      21 N      24  --  A7 F3 B8 pass C8 pass
A5  : T 116.71c W  99.91c S  16.81c (+24.6 L +24.7) LCB  115.10c P  7.09% WF  10.0 PSV       9 N      10  --  A5 pass A7 pass
B3  : T 116.59c W  99.92c S  16.75c (+24.6 L +24.6) LCB  114.08c P  5.84% WF   9.0 PSV       7 N       9  --  B3 pass C8
D9  : T 116.87c W  99.90c S  17.00c (+24.7 L +24.8) LCB  113.58c P  4.45% WF   7.0 PSV       6 N       7  --  D9 F3 C8
E8  : T 117.02c W  99.86c S  17.12c (+24.8 L +24.5) LCB  109.30c P  3.97% WF   5.0 PSV       5 N       5  --  E8 F3 C8
F9  : T 116.90c W  99.88c S  16.89c (+24.7 L +24.7) LCB   98.88c P  2.66% WF   4.0 PSV       3 N       4  --  F9 pass C8

2022-01-27 16:49:20+0100: = B8
2022-01-27 16:49:20+0100: Controller: play black pass
2022-01-27 16:49:20+0100: = 
2022-01-27 16:49:20+0100: Controller: final_score
2022-01-27 16:49:22+0100: = W+24.5
2022-01-27 16:49:22+0100: Controller: genmove white
2022-01-27 16:49:22+0100: MoveNum: 59 HASH: F11096334E6A17FF08C7CAF5B80085FE
   A B C D E F G H J
 9 . . . . O . O O O
 8 . O2@ O . O O X X
 7 . X X X O X X X .
 6 O X O O O O X . .
 5 . O O X X X X . .
 4 . O X X X . X X .
 3 . . O X X . . X X
 2 . . O O O X X O X
 1 . . . . O O O O X

koPOSITIONALscoreAREAtaxNONEsui1komi7.5
Time taken: 0.032582
Root visits: 57
New playouts: 57
NN rows: 2
NN batches: 2
NN avg batch size: 1
PV: C8 G3 A7 pass pass
Tree:
: T 117.32c W  99.91c S  17.47c (+24.8 L +24.8) N      57  --  C8 G3 A7 pass pass
---White(^)---
C8  : T 117.42c W  99.93c S  17.58c (+24.9 L +24.7) LCB  116.70c P 17.00% WF  17.0 PSV      17 N      17  --  C8 G3 A7 pass pass
A7  : T 117.45c W  99.91c S  17.59c (+24.9 L +24.8) LCB  116.49c P 19.52% WF  12.0 PSV      12 N      12  --  A7 F3 C8 pass pass
A5  : T 117.14c W  99.93c S  17.28c (+24.7 L +24.9) LCB  115.61c P  7.70% WF   9.0 PSV       7 N       9  --  A5 pass A7
B3  : T 117.11c W  99.89c S  17.30c (+24.8 L +24.7) LCB  110.02c P  5.30% WF   6.0 PSV       5 N       6  --  B3 F3 A7
E8  : T 117.14c W  99.89c S  17.34c (+24.8 L +24.8) LCB  112.10c P  4.45% WF   6.0 PSV       4 N       6  --  E8 F3 A7
D9  : T 117.52c W  99.88c S  17.63c (+24.9 L +24.8) LCB  105.90c P  4.44% WF   5.0 PSV       4 N       5  --  D9 F3 C8
F9  : T 116.29c W  99.99c S  16.30c (+24.2 L +24.9) LCB -280.00c P  3.13% WF   1.0 PSV       1 N       1  --  F9

2022-01-27 16:49:22+0100: = C8
2022-01-27 16:49:22+0100: Controller: play black pass
2022-01-27 16:49:22+0100: = 
2022-01-27 16:49:22+0100: Controller: final_score
2022-01-27 16:49:23+0100: = W+24.5
2022-01-27 16:49:23+0100: Controller: genmove white
2022-01-27 16:49:23+0100: MoveNum: 61 HASH: FDA70D2DCB495EE39B673D78A7FB1CF5
   A B C D E F G H J
 9 . . . . O . O O O
 8 . O O2O . O O X X
 7 . X X X O X X X .
 6 O X O O O O X . .
 5 @ O O X X X X . .
 4 . O X X X . X X .
 3 . . O X X . . X X
 2 . . O O O X X O X
 1 . . . . O O O O X

koPOSITIONALscoreAREAtaxNONEsui1komi7.5
Time taken: 0.0497433
Root visits: 57
New playouts: 57
NN rows: 7
NN batches: 3
NN avg batch size: 2.33333
PV: A5 F3 A7 pass pass
Tree:
: T 117.11c W  99.91c S  17.17c (+24.9 L +24.8) N      57  --  A5 F3 A7 pass pass
---White(^)---
A5  : T 117.18c W  99.91c S  17.29c (+24.9 L +24.8) LCB  115.91c P  7.71% WF  11.0 PSV      15 N      11  --  A5 F3 A7 pass pass
B3  : T 117.15c W  99.90c S  17.14c (+24.9 L +24.7) LCB  115.43c P  6.68% WF  10.0 PSV      10 N      10  --  B3 F3 A7 pass
D9  : T 117.38c W  99.91c S  17.41c (+25.0 L +24.9) LCB  115.83c P  6.17% WF  10.0 PSV      10 N      10  --  D9 F3 A7 pass
A7  : T 116.89c W  99.94c S  17.06c (+24.8 L +24.8) LCB  114.32c P 23.44% WF   7.0 PSV       7 N       7  --  A7 pass pass
F9  : T 116.92c W  99.92c S  16.96c (+24.8 L +24.9) LCB  113.79c P  5.14% WF   7.0 PSV       7 N       7  --  F9 pass A7
E8  : T 116.93c W  99.92c S  17.04c (+24.8 L +24.9) LCB  114.33c P  4.97% WF   7.0 PSV       7 N       7  --  E8 F3 A7
C1  : T 117.28c W  99.88c S  17.23c (+24.9 L +24.7) LCB   64.09c P  2.77% WF   3.0 PSV       3 N       3  --  C1 F3
B2  : T 115.94c W  99.99c S  15.96c (+24.3 L +24.8) LCB -280.00c P  2.68% WF   1.0 PSV       1 N       1  --  B2

2022-01-27 16:49:23+0100: = A5
2022-01-27 16:49:23+0100: Controller: play black pass
2022-01-27 16:49:23+0100: = 
2022-01-27 16:49:23+0100: Controller: final_score
2022-01-27 16:49:25+0100: = W+24.5
2022-01-27 16:49:25+0100: Controller: genmove white
2022-01-27 16:49:25+0100: MoveNum: 63 HASH: 74EE29DA166927C2CAA61FA8B3B2C321
   A B C D E F G H J
 9 . . . . O . O O O
 8 . O O O . O O X X
 7 . X X X O X X X .
 6 O X O O O O X . .
 5 O2O O X X X X . .
 4 . O X X X . X X .
 3 . @ O X X . . X X
 2 . . O O O X X O X
 1 . . . . O O O O X

koPOSITIONALscoreAREAtaxNONEsui1komi7.5
Time taken: 0.0643687
Root visits: 57
New playouts: 57
NN rows: 9
NN batches: 4
NN avg batch size: 2.25
PV: B3 G3 A7 pass
Tree:
: T 117.21c W  99.91c S  17.26c (+24.9 L +24.8) N      57  --  B3 G3 A7 pass
---White(^)---
B3  : T 117.28c W  99.90c S  17.34c (+24.9 L +24.8) LCB  115.64c P  6.75% WF  10.0 PSV      12 N      10  --  B3 G3 A7 pass
A7  : T 116.92c W  99.95c S  17.07c (+24.7 L +24.8) LCB  115.46c P 24.61% WF   9.0 PSV       9 N       9  --  A7 F3 pass pass
F9  : T 117.18c W  99.91c S  17.31c (+24.9 L +24.9) LCB  115.36c P  6.22% WF   9.0 PSV       9 N       9  --  F9 F3 A7 pass
E8  : T 117.15c W  99.91c S  17.21c (+24.9 L +24.8) LCB  114.88c P  5.79% WF   8.0 PSV       8 N       8  --  E8 F3 A7 pass
D9  : T 117.08c W  99.91c S  17.23c (+24.9 L +24.9) LCB  115.41c P  5.65% WF   8.0 PSV       8 N       8  --  D9 pass A7 F3
A4  : T 117.50c W  99.86c S  17.51c (+25.0 L +24.9) LCB  101.99c P  3.43% WF   4.0 PSV       4 N       4  --  A4 pass
B2  : T 117.41c W  99.92c S  17.23c (+24.9 L +24.9) LCB -280.00c P  3.11% WF   2.0 PSV       2 N       2  --  B2 pass
A8  : T 117.30c W  99.90c S  17.20c (+24.9 L +24.8) LCB -280.00c P  2.99% WF   2.0 PSV       2 N       2  --  A8 F3
C1  : T 117.42c W  99.92c S  17.12c (+24.8 L +24.8) LCB -280.00c P  2.93% WF   2.0 PSV       2 N       2  --  C1 F3
D1  : T 117.51c W  99.92c S  17.25c (+24.9 L +24.9) LCB -280.00c P  2.80% WF   2.0 PSV       2 N       2  --  D1 pass

2022-01-27 16:49:25+0100: = B3
2022-01-27 16:49:25+0100: Controller: play black pass
2022-01-27 16:49:25+0100: = 
2022-01-27 16:49:25+0100: Controller: final_score
2022-01-27 16:49:26+0100: = W+24.5
2022-01-27 16:49:26+0100: Controller: genmove white
2022-01-27 16:49:26+0100: MoveNum: 65 HASH: C48DBEEA2BEE324E7C592904FA196AB0
   A B C D E F G H J
 9 . . . . O . O O O
 8 . O O O . O O X X
 7 @ X X X O X X X .
 6 O X O O O O X . .
 5 O O O X X X X . .
 4 . O X X X . X X .
 3 . O2O X X . . X X
 2 . . O O O X X O X
 1 . . . . O O O O X

koPOSITIONALscoreAREAtaxNONEsui1komi7.5
Time taken: 0.0211677
Root visits: 57
New playouts: 57
NN rows: 5
NN batches: 1
NN avg batch size: 5
PV: A7 pass pass
Tree:
: T 116.75c W  99.94c S  16.83c (+24.8 L +24.7) N      57  --  A7 pass pass
---White(^)---
A7  : T 116.67c W  99.97c S  16.67c (+24.6 L +24.6) LCB  116.02c P 25.23% WF  23.0 PSV      23 N      23  --  A7 pass pass
D9  : T 116.79c W  99.91c S  17.02c (+24.9 L +24.8) LCB  114.53c P  7.22% WF   9.0 PSV       7 N       9  --  D9 F3 A7 pass
E8  : T 116.62c W  99.92c S  16.82c (+24.8 L +24.8) LCB  113.49c P  5.79% WF   7.0 PSV       5 N       7  --  E8 F3 A7
F9  : T 116.98c W  99.92c S  17.16c (+24.9 L +25.0) LCB  113.85c P  5.72% WF   7.0 PSV       5 N       7  --  F9 F3 A7
D1  : T 117.14c W  99.88c S  17.09c (+24.9 L +24.8) LCB   65.37c P  3.42% WF   3.0 PSV       2 N       3  --  D1 F3
B2  : T 117.30c W  99.89c S  17.12c (+24.9 L +24.8) LCB   34.64c P  3.19% WF   3.0 PSV       2 N       3  --  B2 F3
A8  : T 116.19c W  99.99c S  16.20c (+24.5 L +24.8) LCB -280.00c P  3.19% WF   1.0 PSV       1 N       1  --  A8
A4  : T 115.38c W  99.99c S  15.39c (+24.1 L +24.5) LCB -280.00c P  3.04% WF   1.0 PSV       1 N       1  --  A4
C1  : T 116.34c W  99.99c S  16.35c (+24.5 L +24.9) LCB -280.00c P  2.90% WF   1.0 PSV       1 N       1  --  C1
C9  : T 115.67c W  99.99c S  15.67c (+24.2 L +24.6) LCB -280.00c P  2.87% WF   1.0 PSV       1 N       1  --  C9

2022-01-27 16:49:26+0100: = A7
2022-01-27 16:49:26+0100: Controller: play black pass
2022-01-27 16:49:26+0100: = 
2022-01-27 16:49:26+0100: Controller: final_score
2022-01-27 16:49:27+0100: = W+24.5
2022-01-27 16:49:27+0100: Controller: genmove white
2022-01-27 16:49:27+0100: MoveNum: 67 HASH: 077AACEC02C536D1A5A5B5C98FC5EA4F
   A B C D E F G H J
 9 . . . . O . O O O
 8 . O O O . O O X X
 7 O2. . . O X X X .
 6 O . O O O O X . .
 5 O O O X X X X . .
 4 . O X X X . X X .
 3 . O O X X . . X X
 2 . . O O O X X O X
 1 . . . . O O O O X

koPOSITIONALscoreAREAtaxNONEsui1komi7.5
Time taken: 0.0336121
Root visits: 57
New playouts: 57
NN rows: 2
NN batches: 2
NN avg batch size: 1
PV: pass pass
Tree:
: T 117.03c W  99.94c S  17.12c (+24.8 L +24.8) N      57  --  pass pass
---White(^)---
pss : T 116.61c W  99.98c S  16.64c (+24.6 L +24.6) LCB  115.95c P 17.18% WF  14.0 PSV      14 N      14  --  pass pass
A8  : T 116.91c W  99.94c S  17.08c (+24.8 L +24.8) LCB  114.09c P  6.58% WF   7.0 PSV       6 N       7  --  A8 F3 pass
D9  : T 117.07c W  99.94c S  17.24c (+24.9 L +24.9) LCB  114.45c P  6.27% WF   7.0 PSV       6 N       7  --  D9 pass pass
C7  : T 117.19c W  99.94c S  17.35c (+25.0 L +24.9) LCB  111.57c P  5.79% WF   6.0 PSV       5 N       6  --  C7 F3 pass
F9  : T 117.11c W  99.93c S  17.26c (+24.9 L +24.9) LCB  112.39c P  5.34% WF   6.0 PSV       5 N       6  --  F9 pass pass
D7  : T 117.08c W  99.94c S  17.16c (+24.9 L +24.8) LCB  112.60c P  5.31% WF   6.0 PSV       5 N       6  --  D7 F3 pass
E8  : T 117.29c W  99.92c S  17.31c (+24.9 L +24.8) LCB  107.68c P  5.05% WF   5.0 PSV       5 N       5  --  E8 F3 pass
B7  : T 117.77c W  99.91c S  17.73c (+25.2 L +24.9) LCB  102.78c P  4.88% WF   4.0 PSV       4 N       4  --  B7 F3
B6  : T 116.34c W  99.99c S  16.35c (+24.5 L +24.8) LCB -280.00c P  3.05% WF   1.0 PSV       1 N       1  --  B6

2022-01-27 16:49:27+0100: = pass
2022-01-27 16:49:27+0100: Controller: final_score
2022-01-27 16:49:27+0100: = W+24.5
2022-01-27 17:10:17+0100: GPU -1 finishing, processed 8004 rows 2763 batches
2022-01-27 17:10:17+0100: All cleaned up, quitting
