2022-01-27 16:38:46+0100: GTP Engine starting...
2022-01-27 16:38:46+0100: KataGo v1.10.0
2022-01-27 16:38:46+0100: Using TrompTaylor rules initially, unless GTP/GUI overrides this
2022-01-27 16:38:46+0100: Using 6 CPU thread(s) for search
2022-01-27 16:38:47+0100: nnRandSeed0 = 8686639286552610904
2022-01-27 16:38:47+0100: After dedups: nnModelFile0 = /Users/kodi/.katago/default_model.bin.gz useFP16 auto useNHWC auto
2022-01-27 16:38:47+0100: Initializing neural net buffer to be size 19 * 19 exactly
2022-01-27 16:38:47+0100: Found OpenCL Platform 0: Apple (Apple) (OpenCL 1.2 (Oct  1 2021 19:40:58))
2022-01-27 16:38:47+0100: Found 1 device(s) on platform 0 with type CPU or GPU or Accelerator
2022-01-27 16:38:47+0100: Found OpenCL Device 0: Apple M1 (Apple) (score 1000102)
2022-01-27 16:38:47+0100: Creating context for OpenCL Platform: Apple (Apple) (OpenCL 1.2 (Oct  1 2021 19:40:58))
2022-01-27 16:38:47+0100: Using OpenCL Device 0: Apple M1 (Apple) OpenCL 1.2  (Extensions: cl_APPLE_SetMemObjectDestructor cl_APPLE_ContextLoggingFunctions cl_APPLE_clut cl_APPLE_query_kernel_names cl_APPLE_gl_sharing cl_khr_gl_event cl_khr_byte_addressable_store cl_khr_global_int32_base_atomics cl_khr_global_int32_extended_atomics cl_khr_local_int32_base_atomics cl_khr_local_int32_extended_atomics cl_khr_3d_image_writes cl_khr_image2d_from_buffer cl_khr_depth_images )
2022-01-27 16:38:47+0100: Loaded tuning parameters from: /Users/kodi/.katago/opencltuning/tune8_gpuAppleM1_x19_y19_c256_mv8.txt
2022-01-27 16:38:47+0100: OpenCL backend thread 0: Model version 8
2022-01-27 16:38:47+0100: OpenCL backend thread 0: Model name: g170-b20c256x2-s5303129600-d1228401921
2022-01-27 16:38:49+0100: OpenCL backend thread 0: FP16Storage true FP16Compute false FP16TensorCores false
2022-01-27 16:38:49+0100: Loaded neural net with nnXLen 19 nnYLen 19
2022-01-27 16:38:49+0100: Initializing board with boardXSize 19 boardYSize 19
2022-01-27 16:38:49+0100: Loaded config /Users/kodi/.katago/default_gtp.cfg
2022-01-27 16:38:49+0100: Loaded model /Users/kodi/.katago/default_model.bin.gz
2022-01-27 16:38:49+0100: Model name: g170-b20c256x2-s5303129600-d1228401921
2022-01-27 16:38:49+0100: GTP ready, beginning main protocol loop
